============================= test session starts ==============================
platform linux -- Python 3.13.7, pytest-8.4.1, pluggy-1.6.0 -- /home/pilot/projects/lambda_precision_udg_generator/.venv/bin/python
cachedir: .pytest_cache
rootdir: /home/pilot/projects/lambda_precision_udg_generator
configfile: pyproject.toml
plugins: anyio-4.11.0
collecting ... collected 1 item

tests/test_generator_seeds.py::test_serialization_and_deserialization FAILED [100%]

=================================== FAILURES ===================================
____________________ test_serialization_and_deserialization ____________________

logger = <RootLogger root (DEBUG)>
sample_seeds = <lambdaprecisionudggenerator.graph_generator.seeds.database.GeneratorSeedDB object at 0x7fd1ba86d2b0>

    @pytest.mark.usefixtures("logger")
    def test_serialization_and_deserialization(logger: logging.Logger, sample_seeds: GeneratorSeedDB) -> None:
        """ Test the serialisation and deserialization of a seed database.
    
        Args:
            sample_seeds: Fixture providing a sample seed database.
        """
    
        db_filepath = SEED_DB_DIR / "test_seeds.db"
    
        # Serialize and Deserialize
        sample_seeds.serialize(str(db_filepath))
        deserialized_db = GeneratorSeedDB.deserialize(str(db_filepath))
    
        logger.info(deserialized_db.latex_table())
        # Compare seed count
>       assert len(sample_seeds.seeds) == len(deserialized_db.seeds)
E       assert 6 == 30
E        +  where 6 = len([GeneratorSeed(node_number=20, min_distance=0.150390625, radius=0.2953125, coverage_bound=(0.85, 0.9), avg_deg_bound=(3, 3.25), probability_connected=0.7, sample_size=10, graphs=[<lambdaprecisionudggenerator.graph_generator.graphs.lambda_precision_udg.LambdaPrecisionUDG object at 0x7fd184228b00>, <lambdaprecisionudggenerator.graph_generator.graphs.lambda_precision_udg.LambdaPrecisionUDG object at 0x7fd184228b90>, <lambdaprecisionudggenerator.graph_generator.graphs.lambda_precision_udg.LambdaPrecisionUDG object at 0x7fd184228c20>, <lambdaprecisionudggenerator.graph_generator.graphs.lambda_precision_udg.LambdaPrecisionUDG object at 0x7fd184228cb0>, <lambdaprecisionudggenerator.graph_generator.graphs.lambda_precision_udg.LambdaPrecisionUDG object at 0x7fd184228d40>, <lambdaprecisionudggenerator.graph_generator.graphs.lambda_precision_udg.LambdaPrecisionUDG object at 0x7fd184228dd0>, <lambdaprecisionudggenerator.graph_generator.graphs.lambda_precision_udg.LambdaPrecisionUDG object at 0x7fd184228e60>, <lambdaprecisionudggenerator.graph_generator.graphs.lambda_precision_udg.LambdaPrecisionUDG object at 0x7fd184228ef0>, <lambdaprecisionudggenerator.graph_generator.graphs.lambda_precision_udg.LambdaPrecisionUDG object at 0x7fd184228f80>, <lambdaprecisionudggenerator.graph_generator.graphs.lambda_precision_udg.LambdaPrecisionUDG object at 0x7fd184229010>], logger=<Logger lambdaprecisionudggenerator.graph_generator.seeds.seed (DEBUG)>), GeneratorSeed(node_number=20, min_distance=0.150390625, radius=0.3375, coverage_bound=(0.85, 0.9), avg_deg_bound=(4, 4.25), probability_connected=1.0, sample_size=10, graphs=[<lambdaprecisionudggenerator.graph_generator.graphs.lambda_precision_udg.LambdaPrecisionUDG object at 0x7fd18422a060>, <lambdaprecisionudggenerator.graph_generator.graphs.lambda_precision_udg.LambdaPrecisionUDG object at 0x7fd18422a0f0>, <lambdaprecisionudggenerator.graph_generator.graphs.lambda_precision_udg.LambdaPrecisionUDG object at 0x7fd18422a180>, <lambdaprecisionudggenerator.graph_generator.graphs.lambda_precision_udg.LambdaPrecisionUDG object at 0x7fd18422a210>, <lambdaprecisionudggenerator.graph_generator.graphs.lambda_precision_udg.LambdaPrecisionUDG object at 0x7fd18422a2a0>, <lambdaprecisionudggenerator.graph_generator.graphs.lambda_precision_udg.LambdaPrecisionUDG object at 0x7fd18422a330>, <lambdaprecisionudggenerator.graph_generator.graphs.lambda_precision_udg.LambdaPrecisionUDG object at 0x7fd18422a3c0>, <lambdaprecisionudggenerator.graph_generator.graphs.lambda_precision_udg.LambdaPrecisionUDG object at 0x7fd18422a450>, <lambdaprecisionudggenerator.graph_generator.graphs.lambda_precision_udg.LambdaPrecisionUDG object at 0x7fd18422a4e0>, <lambdaprecisionudggenerator.graph_generator.graphs.lambda_precision_udg.LambdaPrecisionUDG object at 0x7fd18422a570>], logger=<Logger lambdaprecisionudggenerator.graph_generator.seeds.seed (DEBUG)>), GeneratorSeed(node_number=20, min_distance=0.150390625, radius=0.375, coverage_bound=(0.85, 0.9), avg_deg_bound=(5, 5.25), probability_connected=1.0, sample_size=10, graphs=[<lambdaprecisionudggenerator.graph_generator.graphs.lambda_precision_udg.LambdaPrecisionUDG object at 0x7fd194f1f5c0>, <lambdaprecisionudggenerator.graph_generator.graphs.lambda_precision_udg.LambdaPrecisionUDG object at 0x7fd194f1f530>, <lambdaprecisionudggenerator.graph_generator.graphs.lambda_precision_udg.LambdaPrecisionUDG object at 0x7fd194f1f4a0>, <lambdaprecisionudggenerator.graph_generator.graphs.lambda_precision_udg.LambdaPrecisionUDG object at 0x7fd194f1f410>, <lambdaprecisionudggenerator.graph_generator.graphs.lambda_precision_udg.LambdaPrecisionUDG object at 0x7fd184229fd0>, <lambdaprecisionudggenerator.graph_generator.graphs.lambda_precision_udg.LambdaPrecisionUDG object at 0x7fd184229f40>, <lambdaprecisionudggenerator.graph_generator.graphs.lambda_precision_udg.LambdaPrecisionUDG object at 0x7fd184229eb0>, <lambdaprecisionudggenerator.graph_generator.graphs.lambda_precision_udg.LambdaPrecisionUDG object at 0x7fd184229e20>, <lambdaprecisionudggenerator.graph_generator.graphs.lambda_precision_udg.LambdaPrecisionUDG object at 0x7fd184229d90>, <lambdaprecisionudggenerator.graph_generator.graphs.lambda_precision_udg.LambdaPrecisionUDG object at 0x7fd184229d00>], logger=<Logger lambdaprecisionudggenerator.graph_generator.seeds.seed (DEBUG)>), GeneratorSeed(node_number=40, min_distance=0.103515625, radius=0.196875, coverage_bound=(0.85, 0.9), avg_deg_bound=(3, 3.25), probability_connected=0.3, sample_size=10, graphs=[<lambdaprecisionudggenerator.graph_generator.graphs.lambda_precision_udg.LambdaPrecisionUDG object at 0x7fd18422b5c0>, <lambdaprecisionudggenerator.graph_generator.graphs.lambda_precision_udg.LambdaPrecisionUDG object at 0x7fd18422b650>, <lambdaprecisionudggenerator.graph_generator.graphs.lambda_precision_udg.LambdaPrecisionUDG object at 0x7fd18422b6e0>, <lambdaprecisionudggenerator.graph_generator.graphs.lambda_precision_udg.LambdaPrecisionUDG object at 0x7fd18422b770>, <lambdaprecisionudggenerator.graph_generator.graphs.lambda_precision_udg.LambdaPrecisionUDG object at 0x7fd18422b800>, <lambdaprecisionudggenerator.graph_generator.graphs.lambda_precision_udg.LambdaPrecisionUDG object at 0x7fd194f1f650>, <lambdaprecisionudggenerator.graph_generator.graphs.lambda_precision_udg.LambdaPrecisionUDG object at 0x7fd194f1f6e0>, <lambdaprecisionudggenerator.graph_generator.graphs.lambda_precision_udg.LambdaPrecisionUDG object at 0x7fd194f1f770>, <lambdaprecisionudggenerator.graph_generator.graphs.lambda_precision_udg.LambdaPrecisionUDG object at 0x7fd194f1f800>, <lambdaprecisionudggenerator.graph_generator.graphs.lambda_precision_udg.LambdaPrecisionUDG object at 0x7fd194f1f890>], logger=<Logger lambdaprecisionudggenerator.graph_generator.seeds.seed (DEBUG)>), GeneratorSeed(node_number=40, min_distance=0.103515625, radius=0.22499999999999998, coverage_bound=(0.85, 0.9), avg_deg_bound=(4, 4.25), probability_connected=1.0, sample_size=10, graphs=[<lambdaprecisionudggenerator.graph_generator.graphs.lambda_precision_udg.LambdaPrecisionUDG object at 0x7fd18422ab10>, <lambdaprecisionudggenerator.graph_generator.graphs.lambda_precision_udg.LambdaPrecisionUDG object at 0x7fd18422aa80>, <lambdaprecisionudggenerator.graph_generator.graphs.lambda_precision_udg.LambdaPrecisionUDG object at 0x7fd18422a9f0>, <lambdaprecisionudggenerator.graph_generator.graphs.lambda_precision_udg.LambdaPrecisionUDG object at 0x7fd18422a960>, <lambdaprecisionudggenerator.graph_generator.graphs.lambda_precision_udg.LambdaPrecisionUDG object at 0x7fd18422a8d0>, <lambdaprecisionudggenerator.graph_generator.graphs.lambda_precision_udg.LambdaPrecisionUDG object at 0x7fd18422a840>, <lambdaprecisionudggenerator.graph_generator.graphs.lambda_precision_udg.LambdaPrecisionUDG object at 0x7fd18422a7b0>, <lambdaprecisionudggenerator.graph_generator.graphs.lambda_precision_udg.LambdaPrecisionUDG object at 0x7fd184228050>, <lambdaprecisionudggenerator.graph_generator.graphs.lambda_precision_udg.LambdaPrecisionUDG object at 0x7fd1842280e0>, <lambdaprecisionudggenerator.graph_generator.graphs.lambda_precision_udg.LambdaPrecisionUDG object at 0x7fd184228170>], logger=<Logger lambdaprecisionudggenerator.graph_generator.seeds.seed (DEBUG)>), GeneratorSeed(node_number=40, min_distance=0.103515625, radius=0.24843749999999995, coverage_bound=(0.85, 0.9), avg_deg_bound=(5, 5.25), probability_connected=1.0, sample_size=10, graphs=[<lambdaprecisionudggenerator.graph_generator.graphs.lambda_precision_udg.LambdaPrecisionUDG object at 0x7fd18422ae70>, <lambdaprecisionudggenerator.graph_generator.graphs.lambda_precision_udg.LambdaPrecisionUDG object at 0x7fd18422af00>, <lambdaprecisionudggenerator.graph_generator.graphs.lambda_precision_udg.LambdaPrecisionUDG object at 0x7fd18422af90>, <lambdaprecisionudggenerator.graph_generator.graphs.lambda_precision_udg.LambdaPrecisionUDG object at 0x7fd194f1ff50>, <lambdaprecisionudggenerator.graph_generator.graphs.lambda_precision_udg.LambdaPrecisionUDG object at 0x7fd194f1fec0>, <lambdaprecisionudggenerator.graph_generator.graphs.lambda_precision_udg.LambdaPrecisionUDG object at 0x7fd194f1fe30>, <lambdaprecisionudggenerator.graph_generator.graphs.lambda_precision_udg.LambdaPrecisionUDG object at 0x7fd194f1fda0>, <lambdaprecisionudggenerator.graph_generator.graphs.lambda_precision_udg.LambdaPrecisionUDG object at 0x7fd194f1fd10>, <lambdaprecisionudggenerator.graph_generator.graphs.lambda_precision_udg.LambdaPrecisionUDG object at 0x7fd194f1fc80>, <lambdaprecisionudggenerator.graph_generator.graphs.lambda_precision_udg.LambdaPrecisionUDG object at 0x7fd194f1fbf0>], logger=<Logger lambdaprecisionudggenerator.graph_generator.seeds.seed (DEBUG)>)])
E        +    where [GeneratorSeed(node_number=20, min_distance=0.150390625, radius=0.2953125, coverage_bound=(0.85, 0.9), avg_deg_bound=(3, 3.25), probability_connected=0.7, sample_size=10, graphs=[<lambdaprecisionudggenerator.graph_generator.graphs.lambda_precision_udg.LambdaPrecisionUDG object at 0x7fd184228b00>, <lambdaprecisionudggenerator.graph_generator.graphs.lambda_precision_udg.LambdaPrecisionUDG object at 0x7fd184228b90>, <lambdaprecisionudggenerator.graph_generator.graphs.lambda_precision_udg.LambdaPrecisionUDG object at 0x7fd184228c20>, <lambdaprecisionudggenerator.graph_generator.graphs.lambda_precision_udg.LambdaPrecisionUDG object at 0x7fd184228cb0>, <lambdaprecisionudggenerator.graph_generator.graphs.lambda_precision_udg.LambdaPrecisionUDG object at 0x7fd184228d40>, <lambdaprecisionudggenerator.graph_generator.graphs.lambda_precision_udg.LambdaPrecisionUDG object at 0x7fd184228dd0>, <lambdaprecisionudggenerator.graph_generator.graphs.lambda_precision_udg.LambdaPrecisionUDG object at 0x7fd184228e60>, <lambdaprecisionudggenerator.graph_generator.graphs.lambda_precision_udg.LambdaPrecisionUDG object at 0x7fd184228ef0>, <lambdaprecisionudggenerator.graph_generator.graphs.lambda_precision_udg.LambdaPrecisionUDG object at 0x7fd184228f80>, <lambdaprecisionudggenerator.graph_generator.graphs.lambda_precision_udg.LambdaPrecisionUDG object at 0x7fd184229010>], logger=<Logger lambdaprecisionudggenerator.graph_generator.seeds.seed (DEBUG)>), GeneratorSeed(node_number=20, min_distance=0.150390625, radius=0.3375, coverage_bound=(0.85, 0.9), avg_deg_bound=(4, 4.25), probability_connected=1.0, sample_size=10, graphs=[<lambdaprecisionudggenerator.graph_generator.graphs.lambda_precision_udg.LambdaPrecisionUDG object at 0x7fd18422a060>, <lambdaprecisionudggenerator.graph_generator.graphs.lambda_precision_udg.LambdaPrecisionUDG object at 0x7fd18422a0f0>, <lambdaprecisionudggenerator.graph_generator.graphs.lambda_precision_udg.LambdaPrecisionUDG object at 0x7fd18422a180>, <lambdaprecisionudggenerator.graph_generator.graphs.lambda_precision_udg.LambdaPrecisionUDG object at 0x7fd18422a210>, <lambdaprecisionudggenerator.graph_generator.graphs.lambda_precision_udg.LambdaPrecisionUDG object at 0x7fd18422a2a0>, <lambdaprecisionudggenerator.graph_generator.graphs.lambda_precision_udg.LambdaPrecisionUDG object at 0x7fd18422a330>, <lambdaprecisionudggenerator.graph_generator.graphs.lambda_precision_udg.LambdaPrecisionUDG object at 0x7fd18422a3c0>, <lambdaprecisionudggenerator.graph_generator.graphs.lambda_precision_udg.LambdaPrecisionUDG object at 0x7fd18422a450>, <lambdaprecisionudggenerator.graph_generator.graphs.lambda_precision_udg.LambdaPrecisionUDG object at 0x7fd18422a4e0>, <lambdaprecisionudggenerator.graph_generator.graphs.lambda_precision_udg.LambdaPrecisionUDG object at 0x7fd18422a570>], logger=<Logger lambdaprecisionudggenerator.graph_generator.seeds.seed (DEBUG)>), GeneratorSeed(node_number=20, min_distance=0.150390625, radius=0.375, coverage_bound=(0.85, 0.9), avg_deg_bound=(5, 5.25), probability_connected=1.0, sample_size=10, graphs=[<lambdaprecisionudggenerator.graph_generator.graphs.lambda_precision_udg.LambdaPrecisionUDG object at 0x7fd194f1f5c0>, <lambdaprecisionudggenerator.graph_generator.graphs.lambda_precision_udg.LambdaPrecisionUDG object at 0x7fd194f1f530>, <lambdaprecisionudggenerator.graph_generator.graphs.lambda_precision_udg.LambdaPrecisionUDG object at 0x7fd194f1f4a0>, <lambdaprecisionudggenerator.graph_generator.graphs.lambda_precision_udg.LambdaPrecisionUDG object at 0x7fd194f1f410>, <lambdaprecisionudggenerator.graph_generator.graphs.lambda_precision_udg.LambdaPrecisionUDG object at 0x7fd184229fd0>, <lambdaprecisionudggenerator.graph_generator.graphs.lambda_precision_udg.LambdaPrecisionUDG object at 0x7fd184229f40>, <lambdaprecisionudggenerator.graph_generator.graphs.lambda_precision_udg.LambdaPrecisionUDG object at 0x7fd184229eb0>, <lambdaprecisionudggenerator.graph_generator.graphs.lambda_precision_udg.LambdaPrecisionUDG object at 0x7fd184229e20>, <lambdaprecisionudggenerator.graph_generator.graphs.lambda_precision_udg.LambdaPrecisionUDG object at 0x7fd184229d90>, <lambdaprecisionudggenerator.graph_generator.graphs.lambda_precision_udg.LambdaPrecisionUDG object at 0x7fd184229d00>], logger=<Logger lambdaprecisionudggenerator.graph_generator.seeds.seed (DEBUG)>), GeneratorSeed(node_number=40, min_distance=0.103515625, radius=0.196875, coverage_bound=(0.85, 0.9), avg_deg_bound=(3, 3.25), probability_connected=0.3, sample_size=10, graphs=[<lambdaprecisionudggenerator.graph_generator.graphs.lambda_precision_udg.LambdaPrecisionUDG object at 0x7fd18422b5c0>, <lambdaprecisionudggenerator.graph_generator.graphs.lambda_precision_udg.LambdaPrecisionUDG object at 0x7fd18422b650>, <lambdaprecisionudggenerator.graph_generator.graphs.lambda_precision_udg.LambdaPrecisionUDG object at 0x7fd18422b6e0>, <lambdaprecisionudggenerator.graph_generator.graphs.lambda_precision_udg.LambdaPrecisionUDG object at 0x7fd18422b770>, <lambdaprecisionudggenerator.graph_generator.graphs.lambda_precision_udg.LambdaPrecisionUDG object at 0x7fd18422b800>, <lambdaprecisionudggenerator.graph_generator.graphs.lambda_precision_udg.LambdaPrecisionUDG object at 0x7fd194f1f650>, <lambdaprecisionudggenerator.graph_generator.graphs.lambda_precision_udg.LambdaPrecisionUDG object at 0x7fd194f1f6e0>, <lambdaprecisionudggenerator.graph_generator.graphs.lambda_precision_udg.LambdaPrecisionUDG object at 0x7fd194f1f770>, <lambdaprecisionudggenerator.graph_generator.graphs.lambda_precision_udg.LambdaPrecisionUDG object at 0x7fd194f1f800>, <lambdaprecisionudggenerator.graph_generator.graphs.lambda_precision_udg.LambdaPrecisionUDG object at 0x7fd194f1f890>], logger=<Logger lambdaprecisionudggenerator.graph_generator.seeds.seed (DEBUG)>), GeneratorSeed(node_number=40, min_distance=0.103515625, radius=0.22499999999999998, coverage_bound=(0.85, 0.9), avg_deg_bound=(4, 4.25), probability_connected=1.0, sample_size=10, graphs=[<lambdaprecisionudggenerator.graph_generator.graphs.lambda_precision_udg.LambdaPrecisionUDG object at 0x7fd18422ab10>, <lambdaprecisionudggenerator.graph_generator.graphs.lambda_precision_udg.LambdaPrecisionUDG object at 0x7fd18422aa80>, <lambdaprecisionudggenerator.graph_generator.graphs.lambda_precision_udg.LambdaPrecisionUDG object at 0x7fd18422a9f0>, <lambdaprecisionudggenerator.graph_generator.graphs.lambda_precision_udg.LambdaPrecisionUDG object at 0x7fd18422a960>, <lambdaprecisionudggenerator.graph_generator.graphs.lambda_precision_udg.LambdaPrecisionUDG object at 0x7fd18422a8d0>, <lambdaprecisionudggenerator.graph_generator.graphs.lambda_precision_udg.LambdaPrecisionUDG object at 0x7fd18422a840>, <lambdaprecisionudggenerator.graph_generator.graphs.lambda_precision_udg.LambdaPrecisionUDG object at 0x7fd18422a7b0>, <lambdaprecisionudggenerator.graph_generator.graphs.lambda_precision_udg.LambdaPrecisionUDG object at 0x7fd184228050>, <lambdaprecisionudggenerator.graph_generator.graphs.lambda_precision_udg.LambdaPrecisionUDG object at 0x7fd1842280e0>, <lambdaprecisionudggenerator.graph_generator.graphs.lambda_precision_udg.LambdaPrecisionUDG object at 0x7fd184228170>], logger=<Logger lambdaprecisionudggenerator.graph_generator.seeds.seed (DEBUG)>), GeneratorSeed(node_number=40, min_distance=0.103515625, radius=0.24843749999999995, coverage_bound=(0.85, 0.9), avg_deg_bound=(5, 5.25), probability_connected=1.0, sample_size=10, graphs=[<lambdaprecisionudggenerator.graph_generator.graphs.lambda_precision_udg.LambdaPrecisionUDG object at 0x7fd18422ae70>, <lambdaprecisionudggenerator.graph_generator.graphs.lambda_precision_udg.LambdaPrecisionUDG object at 0x7fd18422af00>, <lambdaprecisionudggenerator.graph_generator.graphs.lambda_precision_udg.LambdaPrecisionUDG object at 0x7fd18422af90>, <lambdaprecisionudggenerator.graph_generator.graphs.lambda_precision_udg.LambdaPrecisionUDG object at 0x7fd194f1ff50>, <lambdaprecisionudggenerator.graph_generator.graphs.lambda_precision_udg.LambdaPrecisionUDG object at 0x7fd194f1fec0>, <lambdaprecisionudggenerator.graph_generator.graphs.lambda_precision_udg.LambdaPrecisionUDG object at 0x7fd194f1fe30>, <lambdaprecisionudggenerator.graph_generator.graphs.lambda_precision_udg.LambdaPrecisionUDG object at 0x7fd194f1fda0>, <lambdaprecisionudggenerator.graph_generator.graphs.lambda_precision_udg.LambdaPrecisionUDG object at 0x7fd194f1fd10>, <lambdaprecisionudggenerator.graph_generator.graphs.lambda_precision_udg.LambdaPrecisionUDG object at 0x7fd194f1fc80>, <lambdaprecisionudggenerator.graph_generator.graphs.lambda_precision_udg.LambdaPrecisionUDG object at 0x7fd194f1fbf0>], logger=<Logger lambdaprecisionudggenerator.graph_generator.seeds.seed (DEBUG)>)] = <lambdaprecisionudggenerator.graph_generator.seeds.database.GeneratorSeedDB object at 0x7fd1ba86d2b0>.seeds
E        +  and   30 = len([GeneratorSeed(node_number=20, min_distance=0.1484375, radius=0.375, coverage_bound=(0.85, 0.9), avg_deg_bound=(5, 5.25), probability_connected=0.9, sample_size=10, graphs=[<lambdaprecisionudggenerator.graph_generator.graphs.lambda_precision_udg.LambdaPrecisionUDG object at 0x7fd1841780e0>, <lambdaprecisionudggenerator.graph_generator.graphs.lambda_precision_udg.LambdaPrecisionUDG object at 0x7fd184178170>, <lambdaprecisionudggenerator.graph_generator.graphs.lambda_precision_udg.LambdaPrecisionUDG object at 0x7fd184178200>, <lambdaprecisionudggenerator.graph_generator.graphs.lambda_precision_udg.LambdaPrecisionUDG object at 0x7fd184178290>, <lambdaprecisionudggenerator.graph_generator.graphs.lambda_precision_udg.LambdaPrecisionUDG object at 0x7fd184178320>, <lambdaprecisionudggenerator.graph_generator.graphs.lambda_precision_udg.LambdaPrecisionUDG object at 0x7fd1841783b0>, <lambdaprecisionudggenerator.graph_generator.graphs.lambda_precision_udg.LambdaPrecisionUDG object at 0x7fd184178440>, <lambdaprecisionudggenerator.graph_generator.graphs.lambda_precision_udg.LambdaPrecisionUDG object at 0x7fd1841784d0>, <lambdaprecisionudggenerator.graph_generator.graphs.lambda_precision_udg.LambdaPrecisionUDG object at 0x7fd184178560>, <lambdaprecisionudggenerator.graph_generator.graphs.lambda_precision_udg.LambdaPrecisionUDG object at 0x7fd1841785f0>], logger=<Logger lambdaprecisionudggenerator.graph_generator.seeds.seed (DEBUG)>), GeneratorSeed(node_number=40, min_distance=0.103515625, radius=0.196875, coverage_bound=(0.85, 0.9), avg_deg_bound=(3, 3.25), probability_connected=0.3, sample_size=10, graphs=[<lambdaprecisionudggenerator.graph_generator.graphs.lambda_precision_udg.LambdaPrecisionUDG object at 0x7fd184178680>, <lambdaprecisionudggenerator.graph_generator.graphs.lambda_precision_udg.LambdaPrecisionUDG object at 0x7fd184178710>, <lambdaprecisionudggenerator.graph_generator.graphs.lambda_precision_udg.LambdaPrecisionUDG object at 0x7fd1841787a0>, <lambdaprecisionudggenerator.graph_generator.graphs.lambda_precision_udg.LambdaPrecisionUDG object at 0x7fd184178830>, <lambdaprecisionudggenerator.graph_generator.graphs.lambda_precision_udg.LambdaPrecisionUDG object at 0x7fd1841788c0>, <lambdaprecisionudggenerator.graph_generator.graphs.lambda_precision_udg.LambdaPrecisionUDG object at 0x7fd184178950>, <lambdaprecisionudggenerator.graph_generator.graphs.lambda_precision_udg.LambdaPrecisionUDG object at 0x7fd1841789e0>, <lambdaprecisionudggenerator.graph_generator.graphs.lambda_precision_udg.LambdaPrecisionUDG object at 0x7fd184178a70>, <lambdaprecisionudggenerator.graph_generator.graphs.lambda_precision_udg.LambdaPrecisionUDG object at 0x7fd184178b00>, <lambdaprecisionudggenerator.graph_generator.graphs.lambda_precision_udg.LambdaPrecisionUDG object at 0x7fd184178b90>], logger=<Logger lambdaprecisionudggenerator.graph_generator.seeds.seed (DEBUG)>), GeneratorSeed(node_number=20, min_distance=0.1484375, radius=0.3, coverage_bound=(0.85, 0.9), avg_deg_bound=(3, 3.25), probability_connected=0.5, sample_size=10, graphs=[<lambdaprecisionudggenerator.graph_generator.graphs.lambda_precision_udg.LambdaPrecisionUDG object at 0x7fd184178c20>, <lambdaprecisionudggenerator.graph_generator.graphs.lambda_precision_udg.LambdaPrecisionUDG object at 0x7fd184178cb0>, <lambdaprecisionudggenerator.graph_generator.graphs.lambda_precision_udg.LambdaPrecisionUDG object at 0x7fd184178d40>, <lambdaprecisionudggenerator.graph_generator.graphs.lambda_precision_udg.LambdaPrecisionUDG object at 0x7fd184178dd0>, <lambdaprecisionudggenerator.graph_generator.graphs.lambda_precision_udg.LambdaPrecisionUDG object at 0x7fd184178e60>, <lambdaprecisionudggenerator.graph_generator.graphs.lambda_precision_udg.LambdaPrecisionUDG object at 0x7fd184178ef0>, <lambdaprecisionudggenerator.graph_generator.graphs.lambda_precision_udg.LambdaPrecisionUDG object at 0x7fd184178f80>, <lambdaprecisionudggenerator.graph_generator.graphs.lambda_precision_udg.LambdaPrecisionUDG object at 0x7fd184179010>, <lambdaprecisionudggenerator.graph_generator.graphs.lambda_precision_udg.LambdaPrecisionUDG object at 0x7fd1841790a0>, <lambdaprecisionudggenerator.graph_generator.graphs.lambda_precision_udg.LambdaPrecisionUDG object at 0x7fd184179130>], logger=<Logger lambdaprecisionudggenerator.graph_generator.seeds.seed (DEBUG)>), GeneratorSeed(node_number=40, min_distance=0.10546875, radius=0.196875, coverage_bound=(0.85, 0.9), avg_deg_bound=(3, 3.25), probability_connected=0.7, sample_size=10, graphs=[<lambdaprecisionudggenerator.graph_generator.graphs.lambda_precision_udg.LambdaPrecisionUDG object at 0x7fd1841791c0>, <lambdaprecisionudggenerator.graph_generator.graphs.lambda_precision_udg.LambdaPrecisionUDG object at 0x7fd184179250>, <lambdaprecisionudggenerator.graph_generator.graphs.lambda_precision_udg.LambdaPrecisionUDG object at 0x7fd1841792e0>, <lambdaprecisionudggenerator.graph_generator.graphs.lambda_precision_udg.LambdaPrecisionUDG object at 0x7fd184179370>, <lambdaprecisionudggenerator.graph_generator.graphs.lambda_precision_udg.LambdaPrecisionUDG object at 0x7fd184179400>, <lambdaprecisionudggenerator.graph_generator.graphs.lambda_precision_udg.LambdaPrecisionUDG object at 0x7fd184179490>, <lambdaprecisionudggenerator.graph_generator.graphs.lambda_precision_udg.LambdaPrecisionUDG object at 0x7fd184179520>, <lambdaprecisionudggenerator.graph_generator.graphs.lambda_precision_udg.LambdaPrecisionUDG object at 0x7fd1841795b0>, <lambdaprecisionudggenerator.graph_generator.graphs.lambda_precision_udg.LambdaPrecisionUDG object at 0x7fd184179640>, <lambdaprecisionudggenerator.graph_generator.graphs.lambda_precision_udg.LambdaPrecisionUDG object at 0x7fd1841796d0>], logger=<Logger lambdaprecisionudggenerator.graph_generator.seeds.seed (DEBUG)>), GeneratorSeed(node_number=40, min_distance=0.1025390625, radius=0.196875, coverage_bound=(0.85, 0.9), avg_deg_bound=(3, 3.25), probability_connected=0.5, sample_size=10, graphs=[<lambdaprecisionudggenerator.graph_generator.graphs.lambda_precision_udg.LambdaPrecisionUDG object at 0x7fd184179760>, <lambdaprecisionudggenerator.graph_generator.graphs.lambda_precision_udg.LambdaPrecisionUDG object at 0x7fd1841797f0>, <lambdaprecisionudggenerator.graph_generator.graphs.lambda_precision_udg.LambdaPrecisionUDG object at 0x7fd184179880>, <lambdaprecisionudggenerator.graph_generator.graphs.lambda_precision_udg.LambdaPrecisionUDG object at 0x7fd184179910>, <lambdaprecisionudggenerator.graph_generator.graphs.lambda_precision_udg.LambdaPrecisionUDG object at 0x7fd1841799a0>, <lambdaprecisionudggenerator.graph_generator.graphs.lambda_precision_udg.LambdaPrecisionUDG object at 0x7fd184179a30>, <lambdaprecisionudggenerator.graph_generator.graphs.lambda_precision_udg.LambdaPrecisionUDG object at 0x7fd184179ac0>, <lambdaprecisionudggenerator.graph_generator.graphs.lambda_precision_udg.LambdaPrecisionUDG object at 0x7fd184179b50>, <lambdaprecisionudggenerator.graph_generator.graphs.lambda_precision_udg.LambdaPrecisionUDG object at 0x7fd184179be0>, <lambdaprecisionudggenerator.graph_generator.graphs.lambda_precision_udg.LambdaPrecisionUDG object at 0x7fd184179c70>], logger=<Logger lambdaprecisionudggenerator.graph_generator.seeds.seed (DEBUG)>), GeneratorSeed(node_number=40, min_distance=0.1025390625, radius=0.1921875, coverage_bound=(0.85, 0.9), avg_deg_bound=(3, 3.25), probability_connected=0.5, sample_size=10, graphs=[<lambdaprecisionudggenerator.graph_generator.graphs.lambda_precision_udg.LambdaPrecisionUDG object at 0x7fd184179d00>, <lambdaprecisionudggenerator.graph_generator.graphs.lambda_precision_udg.LambdaPrecisionUDG object at 0x7fd184179d90>, <lambdaprecisionudggenerator.graph_generator.graphs.lambda_precision_udg.LambdaPrecisionUDG object at 0x7fd184179e20>, <lambdaprecisionudggenerator.graph_generator.graphs.lambda_precision_udg.LambdaPrecisionUDG object at 0x7fd184179eb0>, <lambdaprecisionudggenerator.graph_generator.graphs.lambda_precision_udg.LambdaPrecisionUDG object at 0x7fd184179f40>, <lambdaprecisionudggenerator.graph_generator.graphs.lambda_precision_udg.LambdaPrecisionUDG object at 0x7fd184179fd0>, <lambdaprecisionudggenerator.graph_generator.graphs.lambda_precision_udg.LambdaPrecisionUDG object at 0x7fd18417a060>, <lambdaprecisionudggenerator.graph_generator.graphs.lambda_precision_udg.LambdaPrecisionUDG object at 0x7fd18417a0f0>, <lambdaprecisionudggenerator.graph_generator.graphs.lambda_precision_udg.LambdaPrecisionUDG object at 0x7fd18417a180>, <lambdaprecisionudggenerator.graph_generator.graphs.lambda_precision_udg.LambdaPrecisionUDG object at 0x7fd18417a210>], logger=<Logger lambdaprecisionudggenerator.graph_generator.seeds.seed (DEBUG)>), GeneratorSeed(node_number=40, min_distance=0.103515625, radius=0.196875, coverage_bound=(0.85, 0.9), avg_deg_bound=(3, 3.25), probability_connected=0.3, sample_size=10, graphs=[<lambdaprecisionudggenerator.graph_generator.graphs.lambda_precision_udg.LambdaPrecisionUDG object at 0x7fd18417a2a0>, <lambdaprecisionudggenerator.graph_generator.graphs.lambda_precision_udg.LambdaPrecisionUDG object at 0x7fd18417a330>, <lambdaprecisionudggenerator.graph_generator.graphs.lambda_precision_udg.LambdaPrecisionUDG object at 0x7fd18417a3c0>, <lambdaprecisionudggenerator.graph_generator.graphs.lambda_precision_udg.LambdaPrecisionUDG object at 0x7fd18417a450>, <lambdaprecisionudggenerator.graph_generator.graphs.lambda_precision_udg.LambdaPrecisionUDG object at 0x7fd18417a4e0>, <lambdaprecisionudggenerator.graph_generator.graphs.lambda_precision_udg.LambdaPrecisionUDG object at 0x7fd18417a570>, <lambdaprecisionudggenerator.graph_generator.graphs.lambda_precision_udg.LambdaPrecisionUDG object at 0x7fd18417a600>, <lambdaprecisionudggenerator.graph_generator.graphs.lambda_precision_udg.LambdaPrecisionUDG object at 0x7fd18417a690>, <lambdaprecisionudggenerator.graph_generator.graphs.lambda_precision_udg.LambdaPrecisionUDG object at 0x7fd18417a720>, <lambdaprecisionudggenerator.graph_generator.graphs.lambda_precision_udg.LambdaPrecisionUDG object at 0x7fd18417a7b0>], logger=<Logger lambdaprecisionudggenerator.graph_generator.seeds.seed (DEBUG)>), GeneratorSeed(node_number=40, min_distance=0.1025390625, radius=0.24843749999999995, coverage_bound=(0.85, 0.9), avg_deg_bound=(5, 5.25), probability_connected=0.9, sample_size=10, graphs=[<lambdaprecisionudggenerator.graph_generator.graphs.lambda_precision_udg.LambdaPrecisionUDG object at 0x7fd18417a840>, <lambdaprecisionudggenerator.graph_generator.graphs.lambda_precision_udg.LambdaPrecisionUDG object at 0x7fd18417a8d0>, <lambdaprecisionudggenerator.graph_generator.graphs.lambda_precision_udg.LambdaPrecisionUDG object at 0x7fd18417a960>, <lambdaprecisionudggenerator.graph_generator.graphs.lambda_precision_udg.LambdaPrecisionUDG object at 0x7fd18417a9f0>, <lambdaprecisionudggenerator.graph_generator.graphs.lambda_precision_udg.LambdaPrecisionUDG object at 0x7fd18417aa80>, <lambdaprecisionudggenerator.graph_generator.graphs.lambda_precision_udg.LambdaPrecisionUDG object at 0x7fd18417ab10>, <lambdaprecisionudggenerator.graph_generator.graphs.lambda_precision_udg.LambdaPrecisionUDG object at 0x7fd18417aba0>, <lambdaprecisionudggenerator.graph_generator.graphs.lambda_precision_udg.LambdaPrecisionUDG object at 0x7fd18417ac30>, <lambdaprecisionudggenerator.graph_generator.graphs.lambda_precision_udg.LambdaPrecisionUDG object at 0x7fd18417acc0>, <lambdaprecisionudggenerator.graph_generator.graphs.lambda_precision_udg.LambdaPrecisionUDG object at 0x7fd18417ad50>], logger=<Logger lambdaprecisionudggenerator.graph_generator.seeds.seed (DEBUG)>), GeneratorSeed(node_number=20, min_distance=0.1484375, radius=0.3328125, coverage_bound=(0.85, 0.9), avg_deg_bound=(4, 4.25), probability_connected=0.9, sample_size=10, graphs=[<lambdaprecisionudggenerator.graph_generator.graphs.lambda_precision_udg.LambdaPrecisionUDG object at 0x7fd18417ade0>, <lambdaprecisionudggenerator.graph_generator.graphs.lambda_precision_udg.LambdaPrecisionUDG object at 0x7fd18417ae70>, <lambdaprecisionudggenerator.graph_generator.graphs.lambda_precision_udg.LambdaPrecisionUDG object at 0x7fd18417af00>, <lambdaprecisionudggenerator.graph_generator.graphs.lambda_precision_udg.LambdaPrecisionUDG object at 0x7fd18417af90>, <lambdaprecisionudggenerator.graph_generator.graphs.lambda_precision_udg.LambdaPrecisionUDG object at 0x7fd18417b020>, <lambdaprecisionudggenerator.graph_generator.graphs.lambda_precision_udg.LambdaPrecisionUDG object at 0x7fd18417b0b0>, <lambdaprecisionudggenerator.graph_generator.graphs.lambda_precision_udg.LambdaPrecisionUDG object at 0x7fd18417b140>, <lambdaprecisionudggenerator.graph_generator.graphs.lambda_precision_udg.LambdaPrecisionUDG object at 0x7fd18417b1d0>, <lambdaprecisionudggenerator.graph_generator.graphs.lambda_precision_udg.LambdaPrecisionUDG object at 0x7fd18417b260>, <lambdaprecisionudggenerator.graph_generator.graphs.lambda_precision_udg.LambdaPrecisionUDG object at 0x7fd18417b2f0>], logger=<Logger lambdaprecisionudggenerator.graph_generator.seeds.seed (DEBUG)>), GeneratorSeed(node_number=20, min_distance=0.1484375, radius=0.3375, coverage_bound=(0.85, 0.9), avg_deg_bound=(4, 4.25), probability_connected=1.0, sample_size=10, graphs=[<lambdaprecisionudggenerator.graph_generator.graphs.lambda_precision_udg.LambdaPrecisionUDG object at 0x7fd18417b380>, <lambdaprecisionudggenerator.graph_generator.graphs.lambda_precision_udg.LambdaPrecisionUDG object at 0x7fd18417b410>, <lambdaprecisionudggenerator.graph_generator.graphs.lambda_precision_udg.LambdaPrecisionUDG object at 0x7fd18417b4a0>, <lambdaprecisionudggenerator.graph_generator.graphs.lambda_precision_udg.LambdaPrecisionUDG object at 0x7fd18417b530>, <lambdaprecisionudggenerator.graph_generator.graphs.lambda_precision_udg.LambdaPrecisionUDG object at 0x7fd18417b5c0>, <lambdaprecisionudggenerator.graph_generator.graphs.lambda_precision_udg.LambdaPrecisionUDG object at 0x7fd18417b650>, <lambdaprecisionudggenerator.graph_generator.graphs.lambda_precision_udg.LambdaPrecisionUDG object at 0x7fd18417b6e0>, <lambdaprecisionudggenerator.graph_generator.graphs.lambda_precision_udg.LambdaPrecisionUDG object at 0x7fd18417b770>, <lambdaprecisionudggenerator.graph_generator.graphs.lambda_precision_udg.LambdaPrecisionUDG object at 0x7fd18417b800>, <lambdaprecisionudggenerator.graph_generator.graphs.lambda_precision_udg.LambdaPrecisionUDG object at 0x7fd18417b890>], logger=<Logger lambdaprecisionudggenerator.graph_generator.seeds.seed (DEBUG)>), GeneratorSeed(node_number=20, min_distance=0.150390625, radius=0.384375, coverage_bound=(0.85, 0.9), avg_deg_bound=(5, 5.25), probability_connected=1.0, sample_size=10, graphs=[<lambdaprecisionudggenerator.graph_generator.graphs.lambda_precision_udg.LambdaPrecisionUDG object at 0x7fd18417b920>, <lambdaprecisionudggenerator.graph_generator.graphs.lambda_precision_udg.LambdaPrecisionUDG object at 0x7fd18417b9b0>, <lambdaprecisionudggenerator.graph_generator.graphs.lambda_precision_udg.LambdaPrecisionUDG object at 0x7fd18417ba40>, <lambdaprecisionudggenerator.graph_generator.graphs.lambda_precision_udg.LambdaPrecisionUDG object at 0x7fd18417bad0>, <lambdaprecisionudggenerator.graph_generator.graphs.lambda_precision_udg.LambdaPrecisionUDG object at 0x7fd18417bb60>, <lambdaprecisionudggenerator.graph_generator.graphs.lambda_precision_udg.LambdaPrecisionUDG object at 0x7fd18417bbf0>, <lambdaprecisionudggenerator.graph_generator.graphs.lambda_precision_udg.LambdaPrecisionUDG object at 0x7fd18417bc80>, <lambdaprecisionudggenerator.graph_generator.graphs.lambda_precision_udg.LambdaPrecisionUDG object at 0x7fd18417bd10>, <lambdaprecisionudggenerator.graph_generator.graphs.lambda_precision_udg.LambdaPrecisionUDG object at 0x7fd18417bda0>, <lambdaprecisionudggenerator.graph_generator.graphs.lambda_precision_udg.LambdaPrecisionUDG object at 0x7fd18417be30>], logger=<Logger lambdaprecisionudggenerator.graph_generator.seeds.seed (DEBUG)>), GeneratorSeed(node_number=40, min_distance=0.1025390625, radius=0.24374999999999997, coverage_bound=(0.85, 0.9), avg_deg_bound=(5, 5.25), probability_connected=1.0, sample_size=10, graphs=[<lambdaprecisionudggenerator.graph_generator.graphs.lambda_precision_udg.LambdaPrecisionUDG object at 0x7fd18422ade0>, <lambdaprecisionudggenerator.graph_generator.graphs.lambda_precision_udg.LambdaPrecisionUDG object at 0x7fd18422ad50>, <lambdaprecisionudggenerator.graph_generator.graphs.lambda_precision_udg.LambdaPrecisionUDG object at 0x7fd18422acc0>, <lambdaprecisionudggenerator.graph_generator.graphs.lambda_precision_udg.LambdaPrecisionUDG object at 0x7fd18422ac30>, <lambdaprecisionudggenerator.graph_generator.graphs.lambda_precision_udg.LambdaPrecisionUDG object at 0x7fd18422aba0>, <lambdaprecisionudggenerator.graph_generator.graphs.lambda_precision_udg.LambdaPrecisionUDG object at 0x7fd184228200>, <lambdaprecisionudggenerator.graph_generator.graphs.lambda_precision_udg.LambdaPrecisionUDG object at 0x7fd184228290>, <lambdaprecisionudggenerator.graph_generator.graphs.lambda_precision_udg.LambdaPrecisionUDG object at 0x7fd184228320>, <lambdaprecisionudggenerator.graph_generator.graphs.lambda_precision_udg.LambdaPrecisionUDG object at 0x7fd1842283b0>, <lambdaprecisionudggenerator.graph_generator.graphs.lambda_precision_udg.LambdaPrecisionUDG object at 0x7fd184228440>], logger=<Logger lambdaprecisionudggenerator.graph_generator.seeds.seed (DEBUG)>), GeneratorSeed(node_number=20, min_distance=0.1484375, radius=0.290625, coverage_bound=(0.85, 0.9), avg_deg_bound=(3, 3.25), probability_connected=0.4, sample_size=10, graphs=[<lambdaprecisionudggenerator.graph_generator.graphs.lambda_precision_udg.LambdaPrecisionUDG object at 0x7fd1842284d0>, <lambdaprecisionudggenerator.graph_generator.graphs.lambda_precision_udg.LambdaPrecisionUDG object at 0x7fd184228560>, <lambdaprecisionudggenerator.graph_generator.graphs.lambda_precision_udg.LambdaPrecisionUDG object at 0x7fd1842285f0>, <lambdaprecisionudggenerator.graph_generator.graphs.lambda_precision_udg.LambdaPrecisionUDG object at 0x7fd184228680>, <lambdaprecisionudggenerator.graph_generator.graphs.lambda_precision_udg.LambdaPrecisionUDG object at 0x7fd184228710>, <lambdaprecisionudggenerator.graph_generator.graphs.lambda_precision_udg.LambdaPrecisionUDG object at 0x7fd1842287a0>, <lambdaprecisionudggenerator.graph_generator.graphs.lambda_precision_udg.LambdaPrecisionUDG object at 0x7fd184228830>, <lambdaprecisionudggenerator.graph_generator.graphs.lambda_precision_udg.LambdaPrecisionUDG object at 0x7fd1842290a0>, <lambdaprecisionudggenerator.graph_generator.graphs.lambda_precision_udg.LambdaPrecisionUDG object at 0x7fd184228a70>, <lambdaprecisionudggenerator.graph_generator.graphs.lambda_precision_udg.LambdaPrecisionUDG object at 0x7fd184229880>], logger=<Logger lambdaprecisionudggenerator.graph_generator.seeds.seed (DEBUG)>), GeneratorSeed(node_number=20, min_distance=0.1484375, radius=0.3, coverage_bound=(0.85, 0.9), avg_deg_bound=(3, 3.25), probability_connected=0.8, sample_size=10, graphs=[<lambdaprecisionudggenerator.graph_generator.graphs.lambda_precision_udg.LambdaPrecisionUDG object at 0x7fd184229910>, <lambdaprecisionudggenerator.graph_generator.graphs.lambda_precision_udg.LambdaPrecisionUDG object at 0x7fd1842299a0>, <lambdaprecisionudggenerator.graph_generator.graphs.lambda_precision_udg.LambdaPrecisionUDG object at 0x7fd184229a30>, <lambdaprecisionudggenerator.graph_generator.graphs.lambda_precision_udg.LambdaPrecisionUDG object at 0x7fd184229130>, <lambdaprecisionudggenerator.graph_generator.graphs.lambda_precision_udg.LambdaPrecisionUDG object at 0x7fd1842289e0>, <lambdaprecisionudggenerator.graph_generator.graphs.lambda_precision_udg.LambdaPrecisionUDG object at 0x7fd18417bec0>, <lambdaprecisionudggenerator.graph_generator.graphs.lambda_precision_udg.LambdaPrecisionUDG object at 0x7fd18417bf50>, <lambdaprecisionudggenerator.graph_generator.graphs.lambda_precision_udg.LambdaPrecisionUDG object at 0x7fd184464050>, <lambdaprecisionudggenerator.graph_generator.graphs.lambda_precision_udg.LambdaPrecisionUDG object at 0x7fd1844640e0>, <lambdaprecisionudggenerator.graph_generator.graphs.lambda_precision_udg.LambdaPrecisionUDG object at 0x7fd184464170>], logger=<Logger lambdaprecisionudggenerator.graph_generator.seeds.seed (DEBUG)>), GeneratorSeed(node_number=20, min_distance=0.150390625, radius=0.290625, coverage_bound=(0.85, 0.9), avg_deg_bound=(3, 3.25), probability_connected=0.9, sample_size=10, graphs=[<lambdaprecisionudggenerator.graph_generator.graphs.lambda_precision_udg.LambdaPrecisionUDG object at 0x7fd184464200>, <lambdaprecisionudggenerator.graph_generator.graphs.lambda_precision_udg.LambdaPrecisionUDG object at 0x7fd184464290>, <lambdaprecisionudggenerator.graph_generator.graphs.lambda_precision_udg.LambdaPrecisionUDG object at 0x7fd184464320>, <lambdaprecisionudggenerator.graph_generator.graphs.lambda_precision_udg.LambdaPrecisionUDG object at 0x7fd1844643b0>, <lambdaprecisionudggenerator.graph_generator.graphs.lambda_precision_udg.LambdaPrecisionUDG object at 0x7fd184464440>, <lambdaprecisionudggenerator.graph_generator.graphs.lambda_precision_udg.LambdaPrecisionUDG object at 0x7fd1844644d0>, <lambdaprecisionudggenerator.graph_generator.graphs.lambda_precision_udg.LambdaPrecisionUDG object at 0x7fd184464560>, <lambdaprecisionudggenerator.graph_generator.graphs.lambda_precision_udg.LambdaPrecisionUDG object at 0x7fd1844645f0>, <lambdaprecisionudggenerator.graph_generator.graphs.lambda_precision_udg.LambdaPrecisionUDG object at 0x7fd184464680>, <lambdaprecisionudggenerator.graph_generator.graphs.lambda_precision_udg.LambdaPrecisionUDG object at 0x7fd184464710>], logger=<Logger lambdaprecisionudggenerator.graph_generator.seeds.seed (DEBUG)>), GeneratorSeed(node_number=40, min_distance=0.103515625, radius=0.24843749999999995, coverage_bound=(0.85, 0.9), avg_deg_bound=(5, 5.25), probability_connected=0.9, sample_size=10, graphs=[<lambdaprecisionudggenerator.graph_generator.graphs.lambda_precision_udg.LambdaPrecisionUDG object at 0x7fd1844647a0>, <lambdaprecisionudggenerator.graph_generator.graphs.lambda_precision_udg.LambdaPrecisionUDG object at 0x7fd184464830>, <lambdaprecisionudggenerator.graph_generator.graphs.lambda_precision_udg.LambdaPrecisionUDG object at 0x7fd1844648c0>, <lambdaprecisionudggenerator.graph_generator.graphs.lambda_precision_udg.LambdaPrecisionUDG object at 0x7fd184464950>, <lambdaprecisionudggenerator.graph_generator.graphs.lambda_precision_udg.LambdaPrecisionUDG object at 0x7fd1844649e0>, <lambdaprecisionudggenerator.graph_generator.graphs.lambda_precision_udg.LambdaPrecisionUDG object at 0x7fd184464a70>, <lambdaprecisionudggenerator.graph_generator.graphs.lambda_precision_udg.LambdaPrecisionUDG object at 0x7fd184464b00>, <lambdaprecisionudggenerator.graph_generator.graphs.lambda_precision_udg.LambdaPrecisionUDG object at 0x7fd184464b90>, <lambdaprecisionudggenerator.graph_generator.graphs.lambda_precision_udg.LambdaPrecisionUDG object at 0x7fd184464c20>, <lambdaprecisionudggenerator.graph_generator.graphs.lambda_precision_udg.LambdaPrecisionUDG object at 0x7fd184464cb0>], logger=<Logger lambdaprecisionudggenerator.graph_generator.seeds.seed (DEBUG)>), GeneratorSeed(node_number=40, min_distance=0.1025390625, radius=0.22031249999999997, coverage_bound=(0.85, 0.9), avg_deg_bound=(4, 4.25), probability_connected=0.9, sample_size=10, graphs=[<lambdaprecisionudggenerator.graph_generator.graphs.lambda_precision_udg.LambdaPrecisionUDG object at 0x7fd184464d40>, <lambdaprecisionudggenerator.graph_generator.graphs.lambda_precision_udg.LambdaPrecisionUDG object at 0x7fd184464dd0>, <lambdaprecisionudggenerator.graph_generator.graphs.lambda_precision_udg.LambdaPrecisionUDG object at 0x7fd184464e60>, <lambdaprecisionudggenerator.graph_generator.graphs.lambda_precision_udg.LambdaPrecisionUDG object at 0x7fd184464ef0>, <lambdaprecisionudggenerator.graph_generator.graphs.lambda_precision_udg.LambdaPrecisionUDG object at 0x7fd184464f80>, <lambdaprecisionudggenerator.graph_generator.graphs.lambda_precision_udg.LambdaPrecisionUDG object at 0x7fd184465010>, <lambdaprecisionudggenerator.graph_generator.graphs.lambda_precision_udg.LambdaPrecisionUDG object at 0x7fd1844650a0>, <lambdaprecisionudggenerator.graph_generator.graphs.lambda_precision_udg.LambdaPrecisionUDG object at 0x7fd184465130>, <lambdaprecisionudggenerator.graph_generator.graphs.lambda_precision_udg.LambdaPrecisionUDG object at 0x7fd1844651c0>, <lambdaprecisionudggenerator.graph_generator.graphs.lambda_precision_udg.LambdaPrecisionUDG object at 0x7fd184465250>], logger=<Logger lambdaprecisionudggenerator.graph_generator.seeds.seed (DEBUG)>), GeneratorSeed(node_number=20, min_distance=0.1484375, radius=0.384375, coverage_bound=(0.85, 0.9), avg_deg_bound=(5, 5.25), probability_connected=1.0, sample_size=10, graphs=[<lambdaprecisionudggenerator.graph_generator.graphs.lambda_precision_udg.LambdaPrecisionUDG object at 0x7fd1844652e0>, <lambdaprecisionudggenerator.graph_generator.graphs.lambda_precision_udg.LambdaPrecisionUDG object at 0x7fd184465370>, <lambdaprecisionudggenerator.graph_generator.graphs.lambda_precision_udg.LambdaPrecisionUDG object at 0x7fd184465400>, <lambdaprecisionudggenerator.graph_generator.graphs.lambda_precision_udg.LambdaPrecisionUDG object at 0x7fd184465490>, <lambdaprecisionudggenerator.graph_generator.graphs.lambda_precision_udg.LambdaPrecisionUDG object at 0x7fd184465520>, <lambdaprecisionudggenerator.graph_generator.graphs.lambda_precision_udg.LambdaPrecisionUDG object at 0x7fd1844655b0>, <lambdaprecisionudggenerator.graph_generator.graphs.lambda_precision_udg.LambdaPrecisionUDG object at 0x7fd184465640>, <lambdaprecisionudggenerator.graph_generator.graphs.lambda_precision_udg.LambdaPrecisionUDG object at 0x7fd1844656d0>, <lambdaprecisionudggenerator.graph_generator.graphs.lambda_precision_udg.LambdaPrecisionUDG object at 0x7fd184465760>, <lambdaprecisionudggenerator.graph_generator.graphs.lambda_precision_udg.LambdaPrecisionUDG object at 0x7fd1844657f0>], logger=<Logger lambdaprecisionudggenerator.graph_generator.seeds.seed (DEBUG)>), GeneratorSeed(node_number=20, min_distance=0.150390625, radius=0.375, coverage_bound=(0.85, 0.9), avg_deg_bound=(5, 5.25), probability_connected=1.0, sample_size=10, graphs=[<lambdaprecisionudggenerator.graph_generator.graphs.lambda_precision_udg.LambdaPrecisionUDG object at 0x7fd184465880>, <lambdaprecisionudggenerator.graph_generator.graphs.lambda_precision_udg.LambdaPrecisionUDG object at 0x7fd184465910>, <lambdaprecisionudggenerator.graph_generator.graphs.lambda_precision_udg.LambdaPrecisionUDG object at 0x7fd1844659a0>, <lambdaprecisionudggenerator.graph_generator.graphs.lambda_precision_udg.LambdaPrecisionUDG object at 0x7fd184465a30>, <lambdaprecisionudggenerator.graph_generator.graphs.lambda_precision_udg.LambdaPrecisionUDG object at 0x7fd184465ac0>, <lambdaprecisionudggenerator.graph_generator.graphs.lambda_precision_udg.LambdaPrecisionUDG object at 0x7fd184465b50>, <lambdaprecisionudggenerator.graph_generator.graphs.lambda_precision_udg.LambdaPrecisionUDG object at 0x7fd184465be0>, <lambdaprecisionudggenerator.graph_generator.graphs.lambda_precision_udg.LambdaPrecisionUDG object at 0x7fd184465c70>, <lambdaprecisionudggenerator.graph_generator.graphs.lambda_precision_udg.LambdaPrecisionUDG object at 0x7fd184465d00>, <lambdaprecisionudggenerator.graph_generator.graphs.lambda_precision_udg.LambdaPrecisionUDG object at 0x7fd184465d90>], logger=<Logger lambdaprecisionudggenerator.graph_generator.seeds.seed (DEBUG)>), GeneratorSeed(node_number=20, min_distance=0.150390625, radius=0.3375, coverage_bound=(0.85, 0.9), avg_deg_bound=(4, 4.25), probability_connected=1.0, sample_size=10, graphs=[<lambdaprecisionudggenerator.graph_generator.graphs.lambda_precision_udg.LambdaPrecisionUDG object at 0x7fd184465e20>, <lambdaprecisionudggenerator.graph_generator.graphs.lambda_precision_udg.LambdaPrecisionUDG object at 0x7fd184465eb0>, <lambdaprecisionudggenerator.graph_generator.graphs.lambda_precision_udg.LambdaPrecisionUDG object at 0x7fd184465f40>, <lambdaprecisionudggenerator.graph_generator.graphs.lambda_precision_udg.LambdaPrecisionUDG object at 0x7fd184465fd0>, <lambdaprecisionudggenerator.graph_generator.graphs.lambda_precision_udg.LambdaPrecisionUDG object at 0x7fd184466060>, <lambdaprecisionudggenerator.graph_generator.graphs.lambda_precision_udg.LambdaPrecisionUDG object at 0x7fd1844660f0>, <lambdaprecisionudggenerator.graph_generator.graphs.lambda_precision_udg.LambdaPrecisionUDG object at 0x7fd184466180>, <lambdaprecisionudggenerator.graph_generator.graphs.lambda_precision_udg.LambdaPrecisionUDG object at 0x7fd184466210>, <lambdaprecisionudggenerator.graph_generator.graphs.lambda_precision_udg.LambdaPrecisionUDG object at 0x7fd1844662a0>, <lambdaprecisionudggenerator.graph_generator.graphs.lambda_precision_udg.LambdaPrecisionUDG object at 0x7fd184466330>], logger=<Logger lambdaprecisionudggenerator.graph_generator.seeds.seed (DEBUG)>), GeneratorSeed(node_number=40, min_distance=0.1025390625, radius=0.22265624999999997, coverage_bound=(0.85, 0.9), avg_deg_bound=(4, 4.25), probability_connected=0.7, sample_size=10, graphs=[<lambdaprecisionudggenerator.graph_generator.graphs.lambda_precision_udg.LambdaPrecisionUDG object at 0x7fd1844663c0>, <lambdaprecisionudggenerator.graph_generator.graphs.lambda_precision_udg.LambdaPrecisionUDG object at 0x7fd184466450>, <lambdaprecisionudggenerator.graph_generator.graphs.lambda_precision_udg.LambdaPrecisionUDG object at 0x7fd1844664e0>, <lambdaprecisionudggenerator.graph_generator.graphs.lambda_precision_udg.LambdaPrecisionUDG object at 0x7fd184466570>, <lambdaprecisionudggenerator.graph_generator.graphs.lambda_precision_udg.LambdaPrecisionUDG object at 0x7fd184466600>, <lambdaprecisionudggenerator.graph_generator.graphs.lambda_precision_udg.LambdaPrecisionUDG object at 0x7fd184466690>, <lambdaprecisionudggenerator.graph_generator.graphs.lambda_precision_udg.LambdaPrecisionUDG object at 0x7fd184466720>, <lambdaprecisionudggenerator.graph_generator.graphs.lambda_precision_udg.LambdaPrecisionUDG object at 0x7fd1844667b0>, <lambdaprecisionudggenerator.graph_generator.graphs.lambda_precision_udg.LambdaPrecisionUDG object at 0x7fd184466840>, <lambdaprecisionudggenerator.graph_generator.graphs.lambda_precision_udg.LambdaPrecisionUDG object at 0x7fd1844668d0>], logger=<Logger lambdaprecisionudggenerator.graph_generator.seeds.seed (DEBUG)>), GeneratorSeed(node_number=20, min_distance=0.1484375, radius=0.3375, coverage_bound=(0.85, 0.9), avg_deg_bound=(4, 4.25), probability_connected=0.8, sample_size=10, graphs=[<lambdaprecisionudggenerator.graph_generator.graphs.lambda_precision_udg.LambdaPrecisionUDG object at 0x7fd184466960>, <lambdaprecisionudggenerator.graph_generator.graphs.lambda_precision_udg.LambdaPrecisionUDG object at 0x7fd1844669f0>, <lambdaprecisionudggenerator.graph_generator.graphs.lambda_precision_udg.LambdaPrecisionUDG object at 0x7fd184466a80>, <lambdaprecisionudggenerator.graph_generator.graphs.lambda_precision_udg.LambdaPrecisionUDG object at 0x7fd184466b10>, <lambdaprecisionudggenerator.graph_generator.graphs.lambda_precision_udg.LambdaPrecisionUDG object at 0x7fd184466ba0>, <lambdaprecisionudggenerator.graph_generator.graphs.lambda_precision_udg.LambdaPrecisionUDG object at 0x7fd184466c30>, <lambdaprecisionudggenerator.graph_generator.graphs.lambda_precision_udg.LambdaPrecisionUDG object at 0x7fd184466cc0>, <lambdaprecisionudggenerator.graph_generator.graphs.lambda_precision_udg.LambdaPrecisionUDG object at 0x7fd184466d50>, <lambdaprecisionudggenerator.graph_generator.graphs.lambda_precision_udg.LambdaPrecisionUDG object at 0x7fd184466de0>, <lambdaprecisionudggenerator.graph_generator.graphs.lambda_precision_udg.LambdaPrecisionUDG object at 0x7fd184466e70>], logger=<Logger lambdaprecisionudggenerator.graph_generator.seeds.seed (DEBUG)>), GeneratorSeed(node_number=20, min_distance=0.150390625, radius=0.2953125, coverage_bound=(0.85, 0.9), avg_deg_bound=(3, 3.25), probability_connected=0.7, sample_size=10, graphs=[<lambdaprecisionudggenerator.graph_generator.graphs.lambda_precision_udg.LambdaPrecisionUDG object at 0x7fd184466f00>, <lambdaprecisionudggenerator.graph_generator.graphs.lambda_precision_udg.LambdaPrecisionUDG object at 0x7fd184466f90>, <lambdaprecisionudggenerator.graph_generator.graphs.lambda_precision_udg.LambdaPrecisionUDG object at 0x7fd184467020>, <lambdaprecisionudggenerator.graph_generator.graphs.lambda_precision_udg.LambdaPrecisionUDG object at 0x7fd1844670b0>, <lambdaprecisionudggenerator.graph_generator.graphs.lambda_precision_udg.LambdaPrecisionUDG object at 0x7fd184467140>, <lambdaprecisionudggenerator.graph_generator.graphs.lambda_precision_udg.LambdaPrecisionUDG object at 0x7fd1844671d0>, <lambdaprecisionudggenerator.graph_generator.graphs.lambda_precision_udg.LambdaPrecisionUDG object at 0x7fd184467260>, <lambdaprecisionudggenerator.graph_generator.graphs.lambda_precision_udg.LambdaPrecisionUDG object at 0x7fd1844672f0>, <lambdaprecisionudggenerator.graph_generator.graphs.lambda_precision_udg.LambdaPrecisionUDG object at 0x7fd184467380>, <lambdaprecisionudggenerator.graph_generator.graphs.lambda_precision_udg.LambdaPrecisionUDG object at 0x7fd184467410>], logger=<Logger lambdaprecisionudggenerator.graph_generator.seeds.seed (DEBUG)>), GeneratorSeed(node_number=40, min_distance=0.103515625, radius=0.22499999999999998, coverage_bound=(0.85, 0.9), avg_deg_bound=(4, 4.25), probability_connected=1.0, sample_size=10, graphs=[<lambdaprecisionudggenerator.graph_generator.graphs.lambda_precision_udg.LambdaPrecisionUDG object at 0x7fd1844674a0>, <lambdaprecisionudggenerator.graph_generator.graphs.lambda_precision_udg.LambdaPrecisionUDG object at 0x7fd184467530>, <lambdaprecisionudggenerator.graph_generator.graphs.lambda_precision_udg.LambdaPrecisionUDG object at 0x7fd1844675c0>, <lambdaprecisionudggenerator.graph_generator.graphs.lambda_precision_udg.LambdaPrecisionUDG object at 0x7fd184467650>, <lambdaprecisionudggenerator.graph_generator.graphs.lambda_precision_udg.LambdaPrecisionUDG object at 0x7fd1844676e0>, <lambdaprecisionudggenerator.graph_generator.graphs.lambda_precision_udg.LambdaPrecisionUDG object at 0x7fd184467770>, <lambdaprecisionudggenerator.graph_generator.graphs.lambda_precision_udg.LambdaPrecisionUDG object at 0x7fd184467800>, <lambdaprecisionudggenerator.graph_generator.graphs.lambda_precision_udg.LambdaPrecisionUDG object at 0x7fd184467890>, <lambdaprecisionudggenerator.graph_generator.graphs.lambda_precision_udg.LambdaPrecisionUDG object at 0x7fd184467920>, <lambdaprecisionudggenerator.graph_generator.graphs.lambda_precision_udg.LambdaPrecisionUDG object at 0x7fd1844679b0>], logger=<Logger lambdaprecisionudggenerator.graph_generator.seeds.seed (DEBUG)>), GeneratorSeed(node_number=40, min_distance=0.103515625, radius=0.24843749999999995, coverage_bound=(0.85, 0.9), avg_deg_bound=(5, 5.25), probability_connected=1.0, sample_size=10, graphs=[<lambdaprecisionudggenerator.graph_generator.graphs.lambda_precision_udg.LambdaPrecisionUDG object at 0x7fd184467a40>, <lambdaprecisionudggenerator.graph_generator.graphs.lambda_precision_udg.LambdaPrecisionUDG object at 0x7fd184467ad0>, <lambdaprecisionudggenerator.graph_generator.graphs.lambda_precision_udg.LambdaPrecisionUDG object at 0x7fd184467b60>, <lambdaprecisionudggenerator.graph_generator.graphs.lambda_precision_udg.LambdaPrecisionUDG object at 0x7fd184467bf0>, <lambdaprecisionudggenerator.graph_generator.graphs.lambda_precision_udg.LambdaPrecisionUDG object at 0x7fd184467c80>, <lambdaprecisionudggenerator.graph_generator.graphs.lambda_precision_udg.LambdaPrecisionUDG object at 0x7fd184467d10>, <lambdaprecisionudggenerator.graph_generator.graphs.lambda_precision_udg.LambdaPrecisionUDG object at 0x7fd184467da0>, <lambdaprecisionudggenerator.graph_generator.graphs.lambda_precision_udg.LambdaPrecisionUDG object at 0x7fd184467e30>, <lambdaprecisionudggenerator.graph_generator.graphs.lambda_precision_udg.LambdaPrecisionUDG object at 0x7fd184467ec0>, <lambdaprecisionudggenerator.graph_generator.graphs.lambda_precision_udg.LambdaPrecisionUDG object at 0x7fd184467f50>], logger=<Logger lambdaprecisionudggenerator.graph_generator.seeds.seed (DEBUG)>), GeneratorSeed(node_number=40, min_distance=0.10546875, radius=0.22499999999999998, coverage_bound=(0.85, 0.9), avg_deg_bound=(4, 4.25), probability_connected=0.9, sample_size=10, graphs=[<lambdaprecisionudggenerator.graph_generator.graphs.lambda_precision_udg.LambdaPrecisionUDG object at 0x7fd168be8050>, <lambdaprecisionudggenerator.graph_generator.graphs.lambda_precision_udg.LambdaPrecisionUDG object at 0x7fd168be80e0>, <lambdaprecisionudggenerator.graph_generator.graphs.lambda_precision_udg.LambdaPrecisionUDG object at 0x7fd168be8170>, <lambdaprecisionudggenerator.graph_generator.graphs.lambda_precision_udg.LambdaPrecisionUDG object at 0x7fd168be8200>, <lambdaprecisionudggenerator.graph_generator.graphs.lambda_precision_udg.LambdaPrecisionUDG object at 0x7fd168be8290>, <lambdaprecisionudggenerator.graph_generator.graphs.lambda_precision_udg.LambdaPrecisionUDG object at 0x7fd168be8320>, <lambdaprecisionudggenerator.graph_generator.graphs.lambda_precision_udg.LambdaPrecisionUDG object at 0x7fd168be83b0>, <lambdaprecisionudggenerator.graph_generator.graphs.lambda_precision_udg.LambdaPrecisionUDG object at 0x7fd168be8440>, <lambdaprecisionudggenerator.graph_generator.graphs.lambda_precision_udg.LambdaPrecisionUDG object at 0x7fd168be84d0>, <lambdaprecisionudggenerator.graph_generator.graphs.lambda_precision_udg.LambdaPrecisionUDG object at 0x7fd168be8560>], logger=<Logger lambdaprecisionudggenerator.graph_generator.seeds.seed (DEBUG)>), GeneratorSeed(node_number=40, min_distance=0.103515625, radius=0.22499999999999998, coverage_bound=(0.85, 0.9), avg_deg_bound=(4, 4.25), probability_connected=0.9, sample_size=10, graphs=[<lambdaprecisionudggenerator.graph_generator.graphs.lambda_precision_udg.LambdaPrecisionUDG object at 0x7fd168be85f0>, <lambdaprecisionudggenerator.graph_generator.graphs.lambda_precision_udg.LambdaPrecisionUDG object at 0x7fd168be8680>, <lambdaprecisionudggenerator.graph_generator.graphs.lambda_precision_udg.LambdaPrecisionUDG object at 0x7fd168be8710>, <lambdaprecisionudggenerator.graph_generator.graphs.lambda_precision_udg.LambdaPrecisionUDG object at 0x7fd168be87a0>, <lambdaprecisionudggenerator.graph_generator.graphs.lambda_precision_udg.LambdaPrecisionUDG object at 0x7fd168be8830>, <lambdaprecisionudggenerator.graph_generator.graphs.lambda_precision_udg.LambdaPrecisionUDG object at 0x7fd168be88c0>, <lambdaprecisionudggenerator.graph_generator.graphs.lambda_precision_udg.LambdaPrecisionUDG object at 0x7fd168be8950>, <lambdaprecisionudggenerator.graph_generator.graphs.lambda_precision_udg.LambdaPrecisionUDG object at 0x7fd168be89e0>, <lambdaprecisionudggenerator.graph_generator.graphs.lambda_precision_udg.LambdaPrecisionUDG object at 0x7fd168be8a70>, <lambdaprecisionudggenerator.graph_generator.graphs.lambda_precision_udg.LambdaPrecisionUDG object at 0x7fd168be8b00>], logger=<Logger lambdaprecisionudggenerator.graph_generator.seeds.seed (DEBUG)>), GeneratorSeed(node_number=20, min_distance=0.150390625, radius=0.3375, coverage_bound=(0.85, 0.9), avg_deg_bound=(4, 4.25), probability_connected=1.0, sample_size=10, graphs=[<lambdaprecisionudggenerator.graph_generator.graphs.lambda_precision_udg.LambdaPrecisionUDG object at 0x7fd168be8b90>, <lambdaprecisionudggenerator.graph_generator.graphs.lambda_precision_udg.LambdaPrecisionUDG object at 0x7fd168be8c20>, <lambdaprecisionudggenerator.graph_generator.graphs.lambda_precision_udg.LambdaPrecisionUDG object at 0x7fd168be8cb0>, <lambdaprecisionudggenerator.graph_generator.graphs.lambda_precision_udg.LambdaPrecisionUDG object at 0x7fd168be8d40>, <lambdaprecisionudggenerator.graph_generator.graphs.lambda_precision_udg.LambdaPrecisionUDG object at 0x7fd168be8dd0>, <lambdaprecisionudggenerator.graph_generator.graphs.lambda_precision_udg.LambdaPrecisionUDG object at 0x7fd168be8e60>, <lambdaprecisionudggenerator.graph_generator.graphs.lambda_precision_udg.LambdaPrecisionUDG object at 0x7fd168be8ef0>, <lambdaprecisionudggenerator.graph_generator.graphs.lambda_precision_udg.LambdaPrecisionUDG object at 0x7fd168be8f80>, <lambdaprecisionudggenerator.graph_generator.graphs.lambda_precision_udg.LambdaPrecisionUDG object at 0x7fd168be9010>, <lambdaprecisionudggenerator.graph_generator.graphs.lambda_precision_udg.LambdaPrecisionUDG object at 0x7fd168be90a0>], logger=<Logger lambdaprecisionudggenerator.graph_generator.seeds.seed (DEBUG)>), GeneratorSeed(node_number=20, min_distance=0.1484375, radius=0.384375, coverage_bound=(0.85, 0.9), avg_deg_bound=(5, 5.25), probability_connected=1.0, sample_size=10, graphs=[<lambdaprecisionudggenerator.graph_generator.graphs.lambda_precision_udg.LambdaPrecisionUDG object at 0x7fd168be9130>, <lambdaprecisionudggenerator.graph_generator.graphs.lambda_precision_udg.LambdaPrecisionUDG object at 0x7fd168be91c0>, <lambdaprecisionudggenerator.graph_generator.graphs.lambda_precision_udg.LambdaPrecisionUDG object at 0x7fd168be9250>, <lambdaprecisionudggenerator.graph_generator.graphs.lambda_precision_udg.LambdaPrecisionUDG object at 0x7fd168be92e0>, <lambdaprecisionudggenerator.graph_generator.graphs.lambda_precision_udg.LambdaPrecisionUDG object at 0x7fd168be9370>, <lambdaprecisionudggenerator.graph_generator.graphs.lambda_precision_udg.LambdaPrecisionUDG object at 0x7fd168be9400>, <lambdaprecisionudggenerator.graph_generator.graphs.lambda_precision_udg.LambdaPrecisionUDG object at 0x7fd168be9490>, <lambdaprecisionudggenerator.graph_generator.graphs.lambda_precision_udg.LambdaPrecisionUDG object at 0x7fd168be9520>, <lambdaprecisionudggenerator.graph_generator.graphs.lambda_precision_udg.LambdaPrecisionUDG object at 0x7fd168be95b0>, <lambdaprecisionudggenerator.graph_generator.graphs.lambda_precision_udg.LambdaPrecisionUDG object at 0x7fd168be9640>], logger=<Logger lambdaprecisionudggenerator.graph_generator.seeds.seed (DEBUG)>), GeneratorSeed(node_number=40, min_distance=0.10546875, radius=0.25078124999999996, coverage_bound=(0.85, 0.9), avg_deg_bound=(5, 5.25), probability_connected=1.0, sample_size=10, graphs=[<lambdaprecisionudggenerator.graph_generator.graphs.lambda_precision_udg.LambdaPrecisionUDG object at 0x7fd168be96d0>, <lambdaprecisionudggenerator.graph_generator.graphs.lambda_precision_udg.LambdaPrecisionUDG object at 0x7fd168be9760>, <lambdaprecisionudggenerator.graph_generator.graphs.lambda_precision_udg.LambdaPrecisionUDG object at 0x7fd168be97f0>, <lambdaprecisionudggenerator.graph_generator.graphs.lambda_precision_udg.LambdaPrecisionUDG object at 0x7fd168be9880>, <lambdaprecisionudggenerator.graph_generator.graphs.lambda_precision_udg.LambdaPrecisionUDG object at 0x7fd168be9910>, <lambdaprecisionudggenerator.graph_generator.graphs.lambda_precision_udg.LambdaPrecisionUDG object at 0x7fd168be99a0>, <lambdaprecisionudggenerator.graph_generator.graphs.lambda_precision_udg.LambdaPrecisionUDG object at 0x7fd168be9a30>, <lambdaprecisionudggenerator.graph_generator.graphs.lambda_precision_udg.LambdaPrecisionUDG object at 0x7fd168be9ac0>, <lambdaprecisionudggenerator.graph_generator.graphs.lambda_precision_udg.LambdaPrecisionUDG object at 0x7fd168be9b50>, <lambdaprecisionudggenerator.graph_generator.graphs.lambda_precision_udg.LambdaPrecisionUDG object at 0x7fd168be9be0>], logger=<Logger lambdaprecisionudggenerator.graph_generator.seeds.seed (DEBUG)>)])
E        +    where [GeneratorSeed(node_number=20, min_distance=0.1484375, radius=0.375, coverage_bound=(0.85, 0.9), avg_deg_bound=(5, 5.25), probability_connected=0.9, sample_size=10, graphs=[<lambdaprecisionudggenerator.graph_generator.graphs.lambda_precision_udg.LambdaPrecisionUDG object at 0x7fd1841780e0>, <lambdaprecisionudggenerator.graph_generator.graphs.lambda_precision_udg.LambdaPrecisionUDG object at 0x7fd184178170>, <lambdaprecisionudggenerator.graph_generator.graphs.lambda_precision_udg.LambdaPrecisionUDG object at 0x7fd184178200>, <lambdaprecisionudggenerator.graph_generator.graphs.lambda_precision_udg.LambdaPrecisionUDG object at 0x7fd184178290>, <lambdaprecisionudggenerator.graph_generator.graphs.lambda_precision_udg.LambdaPrecisionUDG object at 0x7fd184178320>, <lambdaprecisionudggenerator.graph_generator.graphs.lambda_precision_udg.LambdaPrecisionUDG object at 0x7fd1841783b0>, <lambdaprecisionudggenerator.graph_generator.graphs.lambda_precision_udg.LambdaPrecisionUDG object at 0x7fd184178440>, <lambdaprecisionudggenerator.graph_generator.graphs.lambda_precision_udg.LambdaPrecisionUDG object at 0x7fd1841784d0>, <lambdaprecisionudggenerator.graph_generator.graphs.lambda_precision_udg.LambdaPrecisionUDG object at 0x7fd184178560>, <lambdaprecisionudggenerator.graph_generator.graphs.lambda_precision_udg.LambdaPrecisionUDG object at 0x7fd1841785f0>], logger=<Logger lambdaprecisionudggenerator.graph_generator.seeds.seed (DEBUG)>), GeneratorSeed(node_number=40, min_distance=0.103515625, radius=0.196875, coverage_bound=(0.85, 0.9), avg_deg_bound=(3, 3.25), probability_connected=0.3, sample_size=10, graphs=[<lambdaprecisionudggenerator.graph_generator.graphs.lambda_precision_udg.LambdaPrecisionUDG object at 0x7fd184178680>, <lambdaprecisionudggenerator.graph_generator.graphs.lambda_precision_udg.LambdaPrecisionUDG object at 0x7fd184178710>, <lambdaprecisionudggenerator.graph_generator.graphs.lambda_precision_udg.LambdaPrecisionUDG object at 0x7fd1841787a0>, <lambdaprecisionudggenerator.graph_generator.graphs.lambda_precision_udg.LambdaPrecisionUDG object at 0x7fd184178830>, <lambdaprecisionudggenerator.graph_generator.graphs.lambda_precision_udg.LambdaPrecisionUDG object at 0x7fd1841788c0>, <lambdaprecisionudggenerator.graph_generator.graphs.lambda_precision_udg.LambdaPrecisionUDG object at 0x7fd184178950>, <lambdaprecisionudggenerator.graph_generator.graphs.lambda_precision_udg.LambdaPrecisionUDG object at 0x7fd1841789e0>, <lambdaprecisionudggenerator.graph_generator.graphs.lambda_precision_udg.LambdaPrecisionUDG object at 0x7fd184178a70>, <lambdaprecisionudggenerator.graph_generator.graphs.lambda_precision_udg.LambdaPrecisionUDG object at 0x7fd184178b00>, <lambdaprecisionudggenerator.graph_generator.graphs.lambda_precision_udg.LambdaPrecisionUDG object at 0x7fd184178b90>], logger=<Logger lambdaprecisionudggenerator.graph_generator.seeds.seed (DEBUG)>), GeneratorSeed(node_number=20, min_distance=0.1484375, radius=0.3, coverage_bound=(0.85, 0.9), avg_deg_bound=(3, 3.25), probability_connected=0.5, sample_size=10, graphs=[<lambdaprecisionudggenerator.graph_generator.graphs.lambda_precision_udg.LambdaPrecisionUDG object at 0x7fd184178c20>, <lambdaprecisionudggenerator.graph_generator.graphs.lambda_precision_udg.LambdaPrecisionUDG object at 0x7fd184178cb0>, <lambdaprecisionudggenerator.graph_generator.graphs.lambda_precision_udg.LambdaPrecisionUDG object at 0x7fd184178d40>, <lambdaprecisionudggenerator.graph_generator.graphs.lambda_precision_udg.LambdaPrecisionUDG object at 0x7fd184178dd0>, <lambdaprecisionudggenerator.graph_generator.graphs.lambda_precision_udg.LambdaPrecisionUDG object at 0x7fd184178e60>, <lambdaprecisionudggenerator.graph_generator.graphs.lambda_precision_udg.LambdaPrecisionUDG object at 0x7fd184178ef0>, <lambdaprecisionudggenerator.graph_generator.graphs.lambda_precision_udg.LambdaPrecisionUDG object at 0x7fd184178f80>, <lambdaprecisionudggenerator.graph_generator.graphs.lambda_precision_udg.LambdaPrecisionUDG object at 0x7fd184179010>, <lambdaprecisionudggenerator.graph_generator.graphs.lambda_precision_udg.LambdaPrecisionUDG object at 0x7fd1841790a0>, <lambdaprecisionudggenerator.graph_generator.graphs.lambda_precision_udg.LambdaPrecisionUDG object at 0x7fd184179130>], logger=<Logger lambdaprecisionudggenerator.graph_generator.seeds.seed (DEBUG)>), GeneratorSeed(node_number=40, min_distance=0.10546875, radius=0.196875, coverage_bound=(0.85, 0.9), avg_deg_bound=(3, 3.25), probability_connected=0.7, sample_size=10, graphs=[<lambdaprecisionudggenerator.graph_generator.graphs.lambda_precision_udg.LambdaPrecisionUDG object at 0x7fd1841791c0>, <lambdaprecisionudggenerator.graph_generator.graphs.lambda_precision_udg.LambdaPrecisionUDG object at 0x7fd184179250>, <lambdaprecisionudggenerator.graph_generator.graphs.lambda_precision_udg.LambdaPrecisionUDG object at 0x7fd1841792e0>, <lambdaprecisionudggenerator.graph_generator.graphs.lambda_precision_udg.LambdaPrecisionUDG object at 0x7fd184179370>, <lambdaprecisionudggenerator.graph_generator.graphs.lambda_precision_udg.LambdaPrecisionUDG object at 0x7fd184179400>, <lambdaprecisionudggenerator.graph_generator.graphs.lambda_precision_udg.LambdaPrecisionUDG object at 0x7fd184179490>, <lambdaprecisionudggenerator.graph_generator.graphs.lambda_precision_udg.LambdaPrecisionUDG object at 0x7fd184179520>, <lambdaprecisionudggenerator.graph_generator.graphs.lambda_precision_udg.LambdaPrecisionUDG object at 0x7fd1841795b0>, <lambdaprecisionudggenerator.graph_generator.graphs.lambda_precision_udg.LambdaPrecisionUDG object at 0x7fd184179640>, <lambdaprecisionudggenerator.graph_generator.graphs.lambda_precision_udg.LambdaPrecisionUDG object at 0x7fd1841796d0>], logger=<Logger lambdaprecisionudggenerator.graph_generator.seeds.seed (DEBUG)>), GeneratorSeed(node_number=40, min_distance=0.1025390625, radius=0.196875, coverage_bound=(0.85, 0.9), avg_deg_bound=(3, 3.25), probability_connected=0.5, sample_size=10, graphs=[<lambdaprecisionudggenerator.graph_generator.graphs.lambda_precision_udg.LambdaPrecisionUDG object at 0x7fd184179760>, <lambdaprecisionudggenerator.graph_generator.graphs.lambda_precision_udg.LambdaPrecisionUDG object at 0x7fd1841797f0>, <lambdaprecisionudggenerator.graph_generator.graphs.lambda_precision_udg.LambdaPrecisionUDG object at 0x7fd184179880>, <lambdaprecisionudggenerator.graph_generator.graphs.lambda_precision_udg.LambdaPrecisionUDG object at 0x7fd184179910>, <lambdaprecisionudggenerator.graph_generator.graphs.lambda_precision_udg.LambdaPrecisionUDG object at 0x7fd1841799a0>, <lambdaprecisionudggenerator.graph_generator.graphs.lambda_precision_udg.LambdaPrecisionUDG object at 0x7fd184179a30>, <lambdaprecisionudggenerator.graph_generator.graphs.lambda_precision_udg.LambdaPrecisionUDG object at 0x7fd184179ac0>, <lambdaprecisionudggenerator.graph_generator.graphs.lambda_precision_udg.LambdaPrecisionUDG object at 0x7fd184179b50>, <lambdaprecisionudggenerator.graph_generator.graphs.lambda_precision_udg.LambdaPrecisionUDG object at 0x7fd184179be0>, <lambdaprecisionudggenerator.graph_generator.graphs.lambda_precision_udg.LambdaPrecisionUDG object at 0x7fd184179c70>], logger=<Logger lambdaprecisionudggenerator.graph_generator.seeds.seed (DEBUG)>), GeneratorSeed(node_number=40, min_distance=0.1025390625, radius=0.1921875, coverage_bound=(0.85, 0.9), avg_deg_bound=(3, 3.25), probability_connected=0.5, sample_size=10, graphs=[<lambdaprecisionudggenerator.graph_generator.graphs.lambda_precision_udg.LambdaPrecisionUDG object at 0x7fd184179d00>, <lambdaprecisionudggenerator.graph_generator.graphs.lambda_precision_udg.LambdaPrecisionUDG object at 0x7fd184179d90>, <lambdaprecisionudggenerator.graph_generator.graphs.lambda_precision_udg.LambdaPrecisionUDG object at 0x7fd184179e20>, <lambdaprecisionudggenerator.graph_generator.graphs.lambda_precision_udg.LambdaPrecisionUDG object at 0x7fd184179eb0>, <lambdaprecisionudggenerator.graph_generator.graphs.lambda_precision_udg.LambdaPrecisionUDG object at 0x7fd184179f40>, <lambdaprecisionudggenerator.graph_generator.graphs.lambda_precision_udg.LambdaPrecisionUDG object at 0x7fd184179fd0>, <lambdaprecisionudggenerator.graph_generator.graphs.lambda_precision_udg.LambdaPrecisionUDG object at 0x7fd18417a060>, <lambdaprecisionudggenerator.graph_generator.graphs.lambda_precision_udg.LambdaPrecisionUDG object at 0x7fd18417a0f0>, <lambdaprecisionudggenerator.graph_generator.graphs.lambda_precision_udg.LambdaPrecisionUDG object at 0x7fd18417a180>, <lambdaprecisionudggenerator.graph_generator.graphs.lambda_precision_udg.LambdaPrecisionUDG object at 0x7fd18417a210>], logger=<Logger lambdaprecisionudggenerator.graph_generator.seeds.seed (DEBUG)>), GeneratorSeed(node_number=40, min_distance=0.103515625, radius=0.196875, coverage_bound=(0.85, 0.9), avg_deg_bound=(3, 3.25), probability_connected=0.3, sample_size=10, graphs=[<lambdaprecisionudggenerator.graph_generator.graphs.lambda_precision_udg.LambdaPrecisionUDG object at 0x7fd18417a2a0>, <lambdaprecisionudggenerator.graph_generator.graphs.lambda_precision_udg.LambdaPrecisionUDG object at 0x7fd18417a330>, <lambdaprecisionudggenerator.graph_generator.graphs.lambda_precision_udg.LambdaPrecisionUDG object at 0x7fd18417a3c0>, <lambdaprecisionudggenerator.graph_generator.graphs.lambda_precision_udg.LambdaPrecisionUDG object at 0x7fd18417a450>, <lambdaprecisionudggenerator.graph_generator.graphs.lambda_precision_udg.LambdaPrecisionUDG object at 0x7fd18417a4e0>, <lambdaprecisionudggenerator.graph_generator.graphs.lambda_precision_udg.LambdaPrecisionUDG object at 0x7fd18417a570>, <lambdaprecisionudggenerator.graph_generator.graphs.lambda_precision_udg.LambdaPrecisionUDG object at 0x7fd18417a600>, <lambdaprecisionudggenerator.graph_generator.graphs.lambda_precision_udg.LambdaPrecisionUDG object at 0x7fd18417a690>, <lambdaprecisionudggenerator.graph_generator.graphs.lambda_precision_udg.LambdaPrecisionUDG object at 0x7fd18417a720>, <lambdaprecisionudggenerator.graph_generator.graphs.lambda_precision_udg.LambdaPrecisionUDG object at 0x7fd18417a7b0>], logger=<Logger lambdaprecisionudggenerator.graph_generator.seeds.seed (DEBUG)>), GeneratorSeed(node_number=40, min_distance=0.1025390625, radius=0.24843749999999995, coverage_bound=(0.85, 0.9), avg_deg_bound=(5, 5.25), probability_connected=0.9, sample_size=10, graphs=[<lambdaprecisionudggenerator.graph_generator.graphs.lambda_precision_udg.LambdaPrecisionUDG object at 0x7fd18417a840>, <lambdaprecisionudggenerator.graph_generator.graphs.lambda_precision_udg.LambdaPrecisionUDG object at 0x7fd18417a8d0>, <lambdaprecisionudggenerator.graph_generator.graphs.lambda_precision_udg.LambdaPrecisionUDG object at 0x7fd18417a960>, <lambdaprecisionudggenerator.graph_generator.graphs.lambda_precision_udg.LambdaPrecisionUDG object at 0x7fd18417a9f0>, <lambdaprecisionudggenerator.graph_generator.graphs.lambda_precision_udg.LambdaPrecisionUDG object at 0x7fd18417aa80>, <lambdaprecisionudggenerator.graph_generator.graphs.lambda_precision_udg.LambdaPrecisionUDG object at 0x7fd18417ab10>, <lambdaprecisionudggenerator.graph_generator.graphs.lambda_precision_udg.LambdaPrecisionUDG object at 0x7fd18417aba0>, <lambdaprecisionudggenerator.graph_generator.graphs.lambda_precision_udg.LambdaPrecisionUDG object at 0x7fd18417ac30>, <lambdaprecisionudggenerator.graph_generator.graphs.lambda_precision_udg.LambdaPrecisionUDG object at 0x7fd18417acc0>, <lambdaprecisionudggenerator.graph_generator.graphs.lambda_precision_udg.LambdaPrecisionUDG object at 0x7fd18417ad50>], logger=<Logger lambdaprecisionudggenerator.graph_generator.seeds.seed (DEBUG)>), GeneratorSeed(node_number=20, min_distance=0.1484375, radius=0.3328125, coverage_bound=(0.85, 0.9), avg_deg_bound=(4, 4.25), probability_connected=0.9, sample_size=10, graphs=[<lambdaprecisionudggenerator.graph_generator.graphs.lambda_precision_udg.LambdaPrecisionUDG object at 0x7fd18417ade0>, <lambdaprecisionudggenerator.graph_generator.graphs.lambda_precision_udg.LambdaPrecisionUDG object at 0x7fd18417ae70>, <lambdaprecisionudggenerator.graph_generator.graphs.lambda_precision_udg.LambdaPrecisionUDG object at 0x7fd18417af00>, <lambdaprecisionudggenerator.graph_generator.graphs.lambda_precision_udg.LambdaPrecisionUDG object at 0x7fd18417af90>, <lambdaprecisionudggenerator.graph_generator.graphs.lambda_precision_udg.LambdaPrecisionUDG object at 0x7fd18417b020>, <lambdaprecisionudggenerator.graph_generator.graphs.lambda_precision_udg.LambdaPrecisionUDG object at 0x7fd18417b0b0>, <lambdaprecisionudggenerator.graph_generator.graphs.lambda_precision_udg.LambdaPrecisionUDG object at 0x7fd18417b140>, <lambdaprecisionudggenerator.graph_generator.graphs.lambda_precision_udg.LambdaPrecisionUDG object at 0x7fd18417b1d0>, <lambdaprecisionudggenerator.graph_generator.graphs.lambda_precision_udg.LambdaPrecisionUDG object at 0x7fd18417b260>, <lambdaprecisionudggenerator.graph_generator.graphs.lambda_precision_udg.LambdaPrecisionUDG object at 0x7fd18417b2f0>], logger=<Logger lambdaprecisionudggenerator.graph_generator.seeds.seed (DEBUG)>), GeneratorSeed(node_number=20, min_distance=0.1484375, radius=0.3375, coverage_bound=(0.85, 0.9), avg_deg_bound=(4, 4.25), probability_connected=1.0, sample_size=10, graphs=[<lambdaprecisionudggenerator.graph_generator.graphs.lambda_precision_udg.LambdaPrecisionUDG object at 0x7fd18417b380>, <lambdaprecisionudggenerator.graph_generator.graphs.lambda_precision_udg.LambdaPrecisionUDG object at 0x7fd18417b410>, <lambdaprecisionudggenerator.graph_generator.graphs.lambda_precision_udg.LambdaPrecisionUDG object at 0x7fd18417b4a0>, <lambdaprecisionudggenerator.graph_generator.graphs.lambda_precision_udg.LambdaPrecisionUDG object at 0x7fd18417b530>, <lambdaprecisionudggenerator.graph_generator.graphs.lambda_precision_udg.LambdaPrecisionUDG object at 0x7fd18417b5c0>, <lambdaprecisionudggenerator.graph_generator.graphs.lambda_precision_udg.LambdaPrecisionUDG object at 0x7fd18417b650>, <lambdaprecisionudggenerator.graph_generator.graphs.lambda_precision_udg.LambdaPrecisionUDG object at 0x7fd18417b6e0>, <lambdaprecisionudggenerator.graph_generator.graphs.lambda_precision_udg.LambdaPrecisionUDG object at 0x7fd18417b770>, <lambdaprecisionudggenerator.graph_generator.graphs.lambda_precision_udg.LambdaPrecisionUDG object at 0x7fd18417b800>, <lambdaprecisionudggenerator.graph_generator.graphs.lambda_precision_udg.LambdaPrecisionUDG object at 0x7fd18417b890>], logger=<Logger lambdaprecisionudggenerator.graph_generator.seeds.seed (DEBUG)>), GeneratorSeed(node_number=20, min_distance=0.150390625, radius=0.384375, coverage_bound=(0.85, 0.9), avg_deg_bound=(5, 5.25), probability_connected=1.0, sample_size=10, graphs=[<lambdaprecisionudggenerator.graph_generator.graphs.lambda_precision_udg.LambdaPrecisionUDG object at 0x7fd18417b920>, <lambdaprecisionudggenerator.graph_generator.graphs.lambda_precision_udg.LambdaPrecisionUDG object at 0x7fd18417b9b0>, <lambdaprecisionudggenerator.graph_generator.graphs.lambda_precision_udg.LambdaPrecisionUDG object at 0x7fd18417ba40>, <lambdaprecisionudggenerator.graph_generator.graphs.lambda_precision_udg.LambdaPrecisionUDG object at 0x7fd18417bad0>, <lambdaprecisionudggenerator.graph_generator.graphs.lambda_precision_udg.LambdaPrecisionUDG object at 0x7fd18417bb60>, <lambdaprecisionudggenerator.graph_generator.graphs.lambda_precision_udg.LambdaPrecisionUDG object at 0x7fd18417bbf0>, <lambdaprecisionudggenerator.graph_generator.graphs.lambda_precision_udg.LambdaPrecisionUDG object at 0x7fd18417bc80>, <lambdaprecisionudggenerator.graph_generator.graphs.lambda_precision_udg.LambdaPrecisionUDG object at 0x7fd18417bd10>, <lambdaprecisionudggenerator.graph_generator.graphs.lambda_precision_udg.LambdaPrecisionUDG object at 0x7fd18417bda0>, <lambdaprecisionudggenerator.graph_generator.graphs.lambda_precision_udg.LambdaPrecisionUDG object at 0x7fd18417be30>], logger=<Logger lambdaprecisionudggenerator.graph_generator.seeds.seed (DEBUG)>), GeneratorSeed(node_number=40, min_distance=0.1025390625, radius=0.24374999999999997, coverage_bound=(0.85, 0.9), avg_deg_bound=(5, 5.25), probability_connected=1.0, sample_size=10, graphs=[<lambdaprecisionudggenerator.graph_generator.graphs.lambda_precision_udg.LambdaPrecisionUDG object at 0x7fd18422ade0>, <lambdaprecisionudggenerator.graph_generator.graphs.lambda_precision_udg.LambdaPrecisionUDG object at 0x7fd18422ad50>, <lambdaprecisionudggenerator.graph_generator.graphs.lambda_precision_udg.LambdaPrecisionUDG object at 0x7fd18422acc0>, <lambdaprecisionudggenerator.graph_generator.graphs.lambda_precision_udg.LambdaPrecisionUDG object at 0x7fd18422ac30>, <lambdaprecisionudggenerator.graph_generator.graphs.lambda_precision_udg.LambdaPrecisionUDG object at 0x7fd18422aba0>, <lambdaprecisionudggenerator.graph_generator.graphs.lambda_precision_udg.LambdaPrecisionUDG object at 0x7fd184228200>, <lambdaprecisionudggenerator.graph_generator.graphs.lambda_precision_udg.LambdaPrecisionUDG object at 0x7fd184228290>, <lambdaprecisionudggenerator.graph_generator.graphs.lambda_precision_udg.LambdaPrecisionUDG object at 0x7fd184228320>, <lambdaprecisionudggenerator.graph_generator.graphs.lambda_precision_udg.LambdaPrecisionUDG object at 0x7fd1842283b0>, <lambdaprecisionudggenerator.graph_generator.graphs.lambda_precision_udg.LambdaPrecisionUDG object at 0x7fd184228440>], logger
[...]
e60>, <lambdaprecisionudggenerator.graph_generator.graphs.lambda_precision_udg.LambdaPrecisionUDG object at 0x7fd184464ef0>, <lambdaprecisionudggenerator.graph_generator.graphs.lambda_precision_udg.LambdaPrecisionUDG object at 0x7fd184464f80>, <lambdaprecisionudggenerator.graph_generator.graphs.lambda_precision_udg.LambdaPrecisionUDG object at 0x7fd184465010>, <lambdaprecisionudggenerator.graph_generator.graphs.lambda_precision_udg.LambdaPrecisionUDG object at 0x7fd1844650a0>, <lambdaprecisionudggenerator.graph_generator.graphs.lambda_precision_udg.LambdaPrecisionUDG object at 0x7fd184465130>, <lambdaprecisionudggenerator.graph_generator.graphs.lambda_precision_udg.LambdaPrecisionUDG object at 0x7fd1844651c0>, <lambdaprecisionudggenerator.graph_generator.graphs.lambda_precision_udg.LambdaPrecisionUDG object at 0x7fd184465250>], logger=<Logger lambdaprecisionudggenerator.graph_generator.seeds.seed (DEBUG)>), GeneratorSeed(node_number=20, min_distance=0.1484375, radius=0.384375, coverage_bound=(0.85, 0.9), avg_deg_bound=(5, 5.25), probability_connected=1.0, sample_size=10, graphs=[<lambdaprecisionudggenerator.graph_generator.graphs.lambda_precision_udg.LambdaPrecisionUDG object at 0x7fd1844652e0>, <lambdaprecisionudggenerator.graph_generator.graphs.lambda_precision_udg.LambdaPrecisionUDG object at 0x7fd184465370>, <lambdaprecisionudggenerator.graph_generator.graphs.lambda_precision_udg.LambdaPrecisionUDG object at 0x7fd184465400>, <lambdaprecisionudggenerator.graph_generator.graphs.lambda_precision_udg.LambdaPrecisionUDG object at 0x7fd184465490>, <lambdaprecisionudggenerator.graph_generator.graphs.lambda_precision_udg.LambdaPrecisionUDG object at 0x7fd184465520>, <lambdaprecisionudggenerator.graph_generator.graphs.lambda_precision_udg.LambdaPrecisionUDG object at 0x7fd1844655b0>, <lambdaprecisionudggenerator.graph_generator.graphs.lambda_precision_udg.LambdaPrecisionUDG object at 0x7fd184465640>, <lambdaprecisionudggenerator.graph_generator.graphs.lambda_precision_udg.LambdaPrecisionUDG object at 0x7fd1844656d0>, <lambdaprecisionudggenerator.graph_generator.graphs.lambda_precision_udg.LambdaPrecisionUDG object at 0x7fd184465760>, <lambdaprecisionudggenerator.graph_generator.graphs.lambda_precision_udg.LambdaPrecisionUDG object at 0x7fd1844657f0>], logger=<Logger lambdaprecisionudggenerator.graph_generator.seeds.seed (DEBUG)>), GeneratorSeed(node_number=20, min_distance=0.150390625, radius=0.375, coverage_bound=(0.85, 0.9), avg_deg_bound=(5, 5.25), probability_connected=1.0, sample_size=10, graphs=[<lambdaprecisionudggenerator.graph_generator.graphs.lambda_precision_udg.LambdaPrecisionUDG object at 0x7fd184465880>, <lambdaprecisionudggenerator.graph_generator.graphs.lambda_precision_udg.LambdaPrecisionUDG object at 0x7fd184465910>, <lambdaprecisionudggenerator.graph_generator.graphs.lambda_precision_udg.LambdaPrecisionUDG object at 0x7fd1844659a0>, <lambdaprecisionudggenerator.graph_generator.graphs.lambda_precision_udg.LambdaPrecisionUDG object at 0x7fd184465a30>, <lambdaprecisionudggenerator.graph_generator.graphs.lambda_precision_udg.LambdaPrecisionUDG object at 0x7fd184465ac0>, <lambdaprecisionudggenerator.graph_generator.graphs.lambda_precision_udg.LambdaPrecisionUDG object at 0x7fd184465b50>, <lambdaprecisionudggenerator.graph_generator.graphs.lambda_precision_udg.LambdaPrecisionUDG object at 0x7fd184465be0>, <lambdaprecisionudggenerator.graph_generator.graphs.lambda_precision_udg.LambdaPrecisionUDG object at 0x7fd184465c70>, <lambdaprecisionudggenerator.graph_generator.graphs.lambda_precision_udg.LambdaPrecisionUDG object at 0x7fd184465d00>, <lambdaprecisionudggenerator.graph_generator.graphs.lambda_precision_udg.LambdaPrecisionUDG object at 0x7fd184465d90>], logger=<Logger lambdaprecisionudggenerator.graph_generator.seeds.seed (DEBUG)>), GeneratorSeed(node_number=20, min_distance=0.150390625, radius=0.3375, coverage_bound=(0.85, 0.9), avg_deg_bound=(4, 4.25), probability_connected=1.0, sample_size=10, graphs=[<lambdaprecisionudggenerator.graph_generator.graphs.lambda_precision_udg.LambdaPrecisionUDG object at 0x7fd184465e20>, <lambdaprecisionudggenerator.graph_generator.graphs.lambda_precision_udg.LambdaPrecisionUDG object at 0x7fd184465eb0>, <lambdaprecisionudggenerator.graph_generator.graphs.lambda_precision_udg.LambdaPrecisionUDG object at 0x7fd184465f40>, <lambdaprecisionudggenerator.graph_generator.graphs.lambda_precision_udg.LambdaPrecisionUDG object at 0x7fd184465fd0>, <lambdaprecisionudggenerator.graph_generator.graphs.lambda_precision_udg.LambdaPrecisionUDG object at 0x7fd184466060>, <lambdaprecisionudggenerator.graph_generator.graphs.lambda_precision_udg.LambdaPrecisionUDG object at 0x7fd1844660f0>, <lambdaprecisionudggenerator.graph_generator.graphs.lambda_precision_udg.LambdaPrecisionUDG object at 0x7fd184466180>, <lambdaprecisionudggenerator.graph_generator.graphs.lambda_precision_udg.LambdaPrecisionUDG object at 0x7fd184466210>, <lambdaprecisionudggenerator.graph_generator.graphs.lambda_precision_udg.LambdaPrecisionUDG object at 0x7fd1844662a0>, <lambdaprecisionudggenerator.graph_generator.graphs.lambda_precision_udg.LambdaPrecisionUDG object at 0x7fd184466330>], logger=<Logger lambdaprecisionudggenerator.graph_generator.seeds.seed (DEBUG)>), GeneratorSeed(node_number=40, min_distance=0.1025390625, radius=0.22265624999999997, coverage_bound=(0.85, 0.9), avg_deg_bound=(4, 4.25), probability_connected=0.7, sample_size=10, graphs=[<lambdaprecisionudggenerator.graph_generator.graphs.lambda_precision_udg.LambdaPrecisionUDG object at 0x7fd1844663c0>, <lambdaprecisionudggenerator.graph_generator.graphs.lambda_precision_udg.LambdaPrecisionUDG object at 0x7fd184466450>, <lambdaprecisionudggenerator.graph_generator.graphs.lambda_precision_udg.LambdaPrecisionUDG object at 0x7fd1844664e0>, <lambdaprecisionudggenerator.graph_generator.graphs.lambda_precision_udg.LambdaPrecisionUDG object at 0x7fd184466570>, <lambdaprecisionudggenerator.graph_generator.graphs.lambda_precision_udg.LambdaPrecisionUDG object at 0x7fd184466600>, <lambdaprecisionudggenerator.graph_generator.graphs.lambda_precision_udg.LambdaPrecisionUDG object at 0x7fd184466690>, <lambdaprecisionudggenerator.graph_generator.graphs.lambda_precision_udg.LambdaPrecisionUDG object at 0x7fd184466720>, <lambdaprecisionudggenerator.graph_generator.graphs.lambda_precision_udg.LambdaPrecisionUDG object at 0x7fd1844667b0>, <lambdaprecisionudggenerator.graph_generator.graphs.lambda_precision_udg.LambdaPrecisionUDG object at 0x7fd184466840>, <lambdaprecisionudggenerator.graph_generator.graphs.lambda_precision_udg.LambdaPrecisionUDG object at 0x7fd1844668d0>], logger=<Logger lambdaprecisionudggenerator.graph_generator.seeds.seed (DEBUG)>), GeneratorSeed(node_number=20, min_distance=0.1484375, radius=0.3375, coverage_bound=(0.85, 0.9), avg_deg_bound=(4, 4.25), probability_connected=0.8, sample_size=10, graphs=[<lambdaprecisionudggenerator.graph_generator.graphs.lambda_precision_udg.LambdaPrecisionUDG object at 0x7fd184466960>, <lambdaprecisionudggenerator.graph_generator.graphs.lambda_precision_udg.LambdaPrecisionUDG object at 0x7fd1844669f0>, <lambdaprecisionudggenerator.graph_generator.graphs.lambda_precision_udg.LambdaPrecisionUDG object at 0x7fd184466a80>, <lambdaprecisionudggenerator.graph_generator.graphs.lambda_precision_udg.LambdaPrecisionUDG object at 0x7fd184466b10>, <lambdaprecisionudggenerator.graph_generator.graphs.lambda_precision_udg.LambdaPrecisionUDG object at 0x7fd184466ba0>, <lambdaprecisionudggenerator.graph_generator.graphs.lambda_precision_udg.LambdaPrecisionUDG object at 0x7fd184466c30>, <lambdaprecisionudggenerator.graph_generator.graphs.lambda_precision_udg.LambdaPrecisionUDG object at 0x7fd184466cc0>, <lambdaprecisionudggenerator.graph_generator.graphs.lambda_precision_udg.LambdaPrecisionUDG object at 0x7fd184466d50>, <lambdaprecisionudggenerator.graph_generator.graphs.lambda_precision_udg.LambdaPrecisionUDG object at 0x7fd184466de0>, <lambdaprecisionudggenerator.graph_generator.graphs.lambda_precision_udg.LambdaPrecisionUDG object at 0x7fd184466e70>], logger=<Logger lambdaprecisionudggenerator.graph_generator.seeds.seed (DEBUG)>), GeneratorSeed(node_number=20, min_distance=0.150390625, radius=0.2953125, coverage_bound=(0.85, 0.9), avg_deg_bound=(3, 3.25), probability_connected=0.7, sample_size=10, graphs=[<lambdaprecisionudggenerator.graph_generator.graphs.lambda_precision_udg.LambdaPrecisionUDG object at 0x7fd184466f00>, <lambdaprecisionudggenerator.graph_generator.graphs.lambda_precision_udg.LambdaPrecisionUDG object at 0x7fd184466f90>, <lambdaprecisionudggenerator.graph_generator.graphs.lambda_precision_udg.LambdaPrecisionUDG object at 0x7fd184467020>, <lambdaprecisionudggenerator.graph_generator.graphs.lambda_precision_udg.LambdaPrecisionUDG object at 0x7fd1844670b0>, <lambdaprecisionudggenerator.graph_generator.graphs.lambda_precision_udg.LambdaPrecisionUDG object at 0x7fd184467140>, <lambdaprecisionudggenerator.graph_generator.graphs.lambda_precision_udg.LambdaPrecisionUDG object at 0x7fd1844671d0>, <lambdaprecisionudggenerator.graph_generator.graphs.lambda_precision_udg.LambdaPrecisionUDG object at 0x7fd184467260>, <lambdaprecisionudggenerator.graph_generator.graphs.lambda_precision_udg.LambdaPrecisionUDG object at 0x7fd1844672f0>, <lambdaprecisionudggenerator.graph_generator.graphs.lambda_precision_udg.LambdaPrecisionUDG object at 0x7fd184467380>, <lambdaprecisionudggenerator.graph_generator.graphs.lambda_precision_udg.LambdaPrecisionUDG object at 0x7fd184467410>], logger=<Logger lambdaprecisionudggenerator.graph_generator.seeds.seed (DEBUG)>), GeneratorSeed(node_number=40, min_distance=0.103515625, radius=0.22499999999999998, coverage_bound=(0.85, 0.9), avg_deg_bound=(4, 4.25), probability_connected=1.0, sample_size=10, graphs=[<lambdaprecisionudggenerator.graph_generator.graphs.lambda_precision_udg.LambdaPrecisionUDG object at 0x7fd1844674a0>, <lambdaprecisionudggenerator.graph_generator.graphs.lambda_precision_udg.LambdaPrecisionUDG object at 0x7fd184467530>, <lambdaprecisionudggenerator.graph_generator.graphs.lambda_precision_udg.LambdaPrecisionUDG object at 0x7fd1844675c0>, <lambdaprecisionudggenerator.graph_generator.graphs.lambda_precision_udg.LambdaPrecisionUDG object at 0x7fd184467650>, <lambdaprecisionudggenerator.graph_generator.graphs.lambda_precision_udg.LambdaPrecisionUDG object at 0x7fd1844676e0>, <lambdaprecisionudggenerator.graph_generator.graphs.lambda_precision_udg.LambdaPrecisionUDG object at 0x7fd184467770>, <lambdaprecisionudggenerator.graph_generator.graphs.lambda_precision_udg.LambdaPrecisionUDG object at 0x7fd184467800>, <lambdaprecisionudggenerator.graph_generator.graphs.lambda_precision_udg.LambdaPrecisionUDG object at 0x7fd184467890>, <lambdaprecisionudggenerator.graph_generator.graphs.lambda_precision_udg.LambdaPrecisionUDG object at 0x7fd184467920>, <lambdaprecisionudggenerator.graph_generator.graphs.lambda_precision_udg.LambdaPrecisionUDG object at 0x7fd1844679b0>], logger=<Logger lambdaprecisionudggenerator.graph_generator.seeds.seed (DEBUG)>), GeneratorSeed(node_number=40, min_distance=0.103515625, radius=0.24843749999999995, coverage_bound=(0.85, 0.9), avg_deg_bound=(5, 5.25), probability_connected=1.0, sample_size=10, graphs=[<lambdaprecisionudggenerator.graph_generator.graphs.lambda_precision_udg.LambdaPrecisionUDG object at 0x7fd184467a40>, <lambdaprecisionudggenerator.graph_generator.graphs.lambda_precision_udg.LambdaPrecisionUDG object at 0x7fd184467ad0>, <lambdaprecisionudggenerator.graph_generator.graphs.lambda_precision_udg.LambdaPrecisionUDG object at 0x7fd184467b60>, <lambdaprecisionudggenerator.graph_generator.graphs.lambda_precision_udg.LambdaPrecisionUDG object at 0x7fd184467bf0>, <lambdaprecisionudggenerator.graph_generator.graphs.lambda_precision_udg.LambdaPrecisionUDG object at 0x7fd184467c80>, <lambdaprecisionudggenerator.graph_generator.graphs.lambda_precision_udg.LambdaPrecisionUDG object at 0x7fd184467d10>, <lambdaprecisionudggenerator.graph_generator.graphs.lambda_precision_udg.LambdaPrecisionUDG object at 0x7fd184467da0>, <lambdaprecisionudggenerator.graph_generator.graphs.lambda_precision_udg.LambdaPrecisionUDG object at 0x7fd184467e30>, <lambdaprecisionudggenerator.graph_generator.graphs.lambda_precision_udg.LambdaPrecisionUDG object at 0x7fd184467ec0>, <lambdaprecisionudggenerator.graph_generator.graphs.lambda_precision_udg.LambdaPrecisionUDG object at 0x7fd184467f50>], logger=<Logger lambdaprecisionudggenerator.graph_generator.seeds.seed (DEBUG)>), GeneratorSeed(node_number=40, min_distance=0.10546875, radius=0.22499999999999998, coverage_bound=(0.85, 0.9), avg_deg_bound=(4, 4.25), probability_connected=0.9, sample_size=10, graphs=[<lambdaprecisionudggenerator.graph_generator.graphs.lambda_precision_udg.LambdaPrecisionUDG object at 0x7fd168be8050>, <lambdaprecisionudggenerator.graph_generator.graphs.lambda_precision_udg.LambdaPrecisionUDG object at 0x7fd168be80e0>, <lambdaprecisionudggenerator.graph_generator.graphs.lambda_precision_udg.LambdaPrecisionUDG object at 0x7fd168be8170>, <lambdaprecisionudggenerator.graph_generator.graphs.lambda_precision_udg.LambdaPrecisionUDG object at 0x7fd168be8200>, <lambdaprecisionudggenerator.graph_generator.graphs.lambda_precision_udg.LambdaPrecisionUDG object at 0x7fd168be8290>, <lambdaprecisionudggenerator.graph_generator.graphs.lambda_precision_udg.LambdaPrecisionUDG object at 0x7fd168be8320>, <lambdaprecisionudggenerator.graph_generator.graphs.lambda_precision_udg.LambdaPrecisionUDG object at 0x7fd168be83b0>, <lambdaprecisionudggenerator.graph_generator.graphs.lambda_precision_udg.LambdaPrecisionUDG object at 0x7fd168be8440>, <lambdaprecisionudggenerator.graph_generator.graphs.lambda_precision_udg.LambdaPrecisionUDG object at 0x7fd168be84d0>, <lambdaprecisionudggenerator.graph_generator.graphs.lambda_precision_udg.LambdaPrecisionUDG object at 0x7fd168be8560>], logger=<Logger lambdaprecisionudggenerator.graph_generator.seeds.seed (DEBUG)>), GeneratorSeed(node_number=40, min_distance=0.103515625, radius=0.22499999999999998, coverage_bound=(0.85, 0.9), avg_deg_bound=(4, 4.25), probability_connected=0.9, sample_size=10, graphs=[<lambdaprecisionudggenerator.graph_generator.graphs.lambda_precision_udg.LambdaPrecisionUDG object at 0x7fd168be85f0>, <lambdaprecisionudggenerator.graph_generator.graphs.lambda_precision_udg.LambdaPrecisionUDG object at 0x7fd168be8680>, <lambdaprecisionudggenerator.graph_generator.graphs.lambda_precision_udg.LambdaPrecisionUDG object at 0x7fd168be8710>, <lambdaprecisionudggenerator.graph_generator.graphs.lambda_precision_udg.LambdaPrecisionUDG object at 0x7fd168be87a0>, <lambdaprecisionudggenerator.graph_generator.graphs.lambda_precision_udg.LambdaPrecisionUDG object at 0x7fd168be8830>, <lambdaprecisionudggenerator.graph_generator.graphs.lambda_precision_udg.LambdaPrecisionUDG object at 0x7fd168be88c0>, <lambdaprecisionudggenerator.graph_generator.graphs.lambda_precision_udg.LambdaPrecisionUDG object at 0x7fd168be8950>, <lambdaprecisionudggenerator.graph_generator.graphs.lambda_precision_udg.LambdaPrecisionUDG object at 0x7fd168be89e0>, <lambdaprecisionudggenerator.graph_generator.graphs.lambda_precision_udg.LambdaPrecisionUDG object at 0x7fd168be8a70>, <lambdaprecisionudggenerator.graph_generator.graphs.lambda_precision_udg.LambdaPrecisionUDG object at 0x7fd168be8b00>], logger=<Logger lambdaprecisionudggenerator.graph_generator.seeds.seed (DEBUG)>), GeneratorSeed(node_number=20, min_distance=0.150390625, radius=0.3375, coverage_bound=(0.85, 0.9), avg_deg_bound=(4, 4.25), probability_connected=1.0, sample_size=10, graphs=[<lambdaprecisionudggenerator.graph_generator.graphs.lambda_precision_udg.LambdaPrecisionUDG object at 0x7fd168be8b90>, <lambdaprecisionudggenerator.graph_generator.graphs.lambda_precision_udg.LambdaPrecisionUDG object at 0x7fd168be8c20>, <lambdaprecisionudggenerator.graph_generator.graphs.lambda_precision_udg.LambdaPrecisionUDG object at 0x7fd168be8cb0>, <lambdaprecisionudggenerator.graph_generator.graphs.lambda_precision_udg.LambdaPrecisionUDG object at 0x7fd168be8d40>, <lambdaprecisionudggenerator.graph_generator.graphs.lambda_precision_udg.LambdaPrecisionUDG object at 0x7fd168be8dd0>, <lambdaprecisionudggenerator.graph_generator.graphs.lambda_precision_udg.LambdaPrecisionUDG object at 0x7fd168be8e60>, <lambdaprecisionudggenerator.graph_generator.graphs.lambda_precision_udg.LambdaPrecisionUDG object at 0x7fd168be8ef0>, <lambdaprecisionudggenerator.graph_generator.graphs.lambda_precision_udg.LambdaPrecisionUDG object at 0x7fd168be8f80>, <lambdaprecisionudggenerator.graph_generator.graphs.lambda_precision_udg.LambdaPrecisionUDG object at 0x7fd168be9010>, <lambdaprecisionudggenerator.graph_generator.graphs.lambda_precision_udg.LambdaPrecisionUDG object at 0x7fd168be90a0>], logger=<Logger lambdaprecisionudggenerator.graph_generator.seeds.seed (DEBUG)>), GeneratorSeed(node_number=20, min_distance=0.1484375, radius=0.384375, coverage_bound=(0.85, 0.9), avg_deg_bound=(5, 5.25), probability_connected=1.0, sample_size=10, graphs=[<lambdaprecisionudggenerator.graph_generator.graphs.lambda_precision_udg.LambdaPrecisionUDG object at 0x7fd168be9130>, <lambdaprecisionudggenerator.graph_generator.graphs.lambda_precision_udg.LambdaPrecisionUDG object at 0x7fd168be91c0>, <lambdaprecisionudggenerator.graph_generator.graphs.lambda_precision_udg.LambdaPrecisionUDG object at 0x7fd168be9250>, <lambdaprecisionudggenerator.graph_generator.graphs.lambda_precision_udg.LambdaPrecisionUDG object at 0x7fd168be92e0>, <lambdaprecisionudggenerator.graph_generator.graphs.lambda_precision_udg.LambdaPrecisionUDG object at 0x7fd168be9370>, <lambdaprecisionudggenerator.graph_generator.graphs.lambda_precision_udg.LambdaPrecisionUDG object at 0x7fd168be9400>, <lambdaprecisionudggenerator.graph_generator.graphs.lambda_precision_udg.LambdaPrecisionUDG object at 0x7fd168be9490>, <lambdaprecisionudggenerator.graph_generator.graphs.lambda_precision_udg.LambdaPrecisionUDG object at 0x7fd168be9520>, <lambdaprecisionudggenerator.graph_generator.graphs.lambda_precision_udg.LambdaPrecisionUDG object at 0x7fd168be95b0>, <lambdaprecisionudggenerator.graph_generator.graphs.lambda_precision_udg.LambdaPrecisionUDG object at 0x7fd168be9640>], logger=<Logger lambdaprecisionudggenerator.graph_generator.seeds.seed (DEBUG)>), GeneratorSeed(node_number=40, min_distance=0.10546875, radius=0.25078124999999996, coverage_bound=(0.85, 0.9), avg_deg_bound=(5, 5.25), probability_connected=1.0, sample_size=10, graphs=[<lambdaprecisionudggenerator.graph_generator.graphs.lambda_precision_udg.LambdaPrecisionUDG object at 0x7fd168be96d0>, <lambdaprecisionudggenerator.graph_generator.graphs.lambda_precision_udg.LambdaPrecisionUDG object at 0x7fd168be9760>, <lambdaprecisionudggenerator.graph_generator.graphs.lambda_precision_udg.LambdaPrecisionUDG object at 0x7fd168be97f0>, <lambdaprecisionudggenerator.graph_generator.graphs.lambda_precision_udg.LambdaPrecisionUDG object at 0x7fd168be9880>, <lambdaprecisionudggenerator.graph_generator.graphs.lambda_precision_udg.LambdaPrecisionUDG object at 0x7fd168be9910>, <lambdaprecisionudggenerator.graph_generator.graphs.lambda_precision_udg.LambdaPrecisionUDG object at 0x7fd168be99a0>, <lambdaprecisionudggenerator.graph_generator.graphs.lambda_precision_udg.LambdaPrecisionUDG object at 0x7fd168be9a30>, <lambdaprecisionudggenerator.graph_generator.graphs.lambda_precision_udg.LambdaPrecisionUDG object at 0x7fd168be9ac0>, <lambdaprecisionudggenerator.graph_generator.graphs.lambda_precision_udg.LambdaPrecisionUDG object at 0x7fd168be9b50>, <lambdaprecisionudggenerator.graph_generator.graphs.lambda_precision_udg.LambdaPrecisionUDG object at 0x7fd168be9be0>], logger=<Logger lambdaprecisionudggenerator.graph_generator.seeds.seed (DEBUG)>)] = <lambdaprecisionudggenerator.graph_generator.seeds.database.GeneratorSeedDB object at 0x7fd168910050>.seeds
============================== 1 failed in 26.17s ==============================
